[2016-01-03 04:20:29] development.ERROR: exception 'Symfony\Component\Debug\Exception\FatalErrorException' with message 'Class 'JWT' not found' in D:\wamp\www\learn\2015\angularjs\angularcode.com\auth-satellizer\server\app\Http\Middleware\Authenticate.php:40
Stack trace:
#0 D:\wamp\www\learn\2015\angularjs\angularcode.com\auth-satellizer\server\vendor\laravel\framework\src\Illuminate\Foundation\Bootstrap\HandleExceptions.php(133): Symfony\Component\Debug\Exception\FatalErrorException->__construct()
#1 D:\wamp\www\learn\2015\angularjs\angularcode.com\auth-satellizer\server\vendor\laravel\framework\src\Illuminate\Foundation\Bootstrap\HandleExceptions.php(118): Illuminate\Foundation\Bootstrap\HandleExceptions->fatalExceptionFromError()
#2 D:\wamp\www\learn\2015\angularjs\angularcode.com\auth-satellizer\server\vendor\laravel\framework\src\Illuminate\Foundation\Bootstrap\HandleExceptions.php(0): Illuminate\Foundation\Bootstrap\HandleExceptions->handleShutdown()
#3 D:\wamp\www\learn\2015\angularjs\angularcode.com\auth-satellizer\server\vendor\laravel\framework\src\Illuminate\Pipeline\Pipeline.php(124): App\Http\Middleware\Authenticate->handle()
#4 D:\wamp\www\learn\2015\angularjs\angularcode.com\auth-satellizer\server\vendor\laravel\framework\src\Illuminate\Pipeline\Pipeline.php(124): call_user_func_array:{D:\wamp\www\learn\2015\angularjs\angularcode.com\auth-satellizer\server\vendor\laravel\framework\src\Illuminate\Pipeline\Pipeline.php:124}()
#5 D:\wamp\www\learn\2015\angularjs\angularcode.com\auth-satellizer\server\vendor\laravel\framework\src\Illuminate\Routing\Pipeline.php(30): Illuminate\Pipeline\Pipeline->Illuminate\Pipeline\{closure}()
#6 D:\wamp\www\learn\2015\angularjs\angularcode.com\auth-satellizer\server\vendor\laravel\framework\src\Illuminate\Routing\Pipeline.php(30): call_user_func:{D:\wamp\www\learn\2015\angularjs\angularcode.com\auth-satellizer\server\vendor\laravel\framework\src\Illuminate\Routing\Pipeline.php:30}()
#7 D:\wamp\www\learn\2015\angularjs\angularcode.com\auth-satellizer\server\vendor\laravel\framework\src\Illuminate\Pipeline\Pipeline.php(103): Illuminate\Routing\Pipeline->Illuminate\Routing\{closure}()
#8 D:\wamp\www\learn\2015\angularjs\angularcode.com\auth-satellizer\server\vendor\laravel\framework\src\Illuminate\Pipeline\Pipeline.php(103): call_user_func:{D:\wamp\www\learn\2015\angularjs\angularcode.com\auth-satellizer\server\vendor\laravel\framework\src\Illuminate\Pipeline\Pipeline.php:103}()
#9 D:\wamp\www\learn\2015\angularjs\angularcode.com\auth-satellizer\server\vendor\laravel\framework\src\Illuminate\Routing\Router.php(705): Illuminate\Pipeline\Pipeline->then()
#10 D:\wamp\www\learn\2015\angularjs\angularcode.com\auth-satellizer\server\vendor\laravel\framework\src\Illuminate\Routing\Router.php(678): Illuminate\Routing\Router->runRouteWithinStack()
#11 D:\wamp\www\learn\2015\angularjs\angularcode.com\auth-satellizer\server\vendor\laravel\framework\src\Illuminate\Routing\Router.php(654): Illuminate\Routing\Router->dispatchToRoute()
#12 D:\wamp\www\learn\2015\angularjs\angularcode.com\auth-satellizer\server\vendor\laravel\framework\src\Illuminate\Foundation\Http\Kernel.php(246): Illuminate\Routing\Router->dispatch()
#13 D:\wamp\www\learn\2015\angularjs\angularcode.com\auth-satellizer\server\vendor\laravel\framework\src\Illuminate\Pipeline\Pipeline.php(139): Illuminate\Foundation\Http\Kernel->Illuminate\Foundation\Http\{closure}()
#14 D:\wamp\www\learn\2015\angularjs\angularcode.com\auth-satellizer\server\vendor\laravel\framework\src\Illuminate\Pipeline\Pipeline.php(139): call_user_func:{D:\wamp\www\learn\2015\angularjs\angularcode.com\auth-satellizer\server\vendor\laravel\framework\src\Illuminate\Pipeline\Pipeline.php:139}()
#15 D:\wamp\www\learn\2015\angularjs\angularcode.com\auth-satellizer\server\vendor\laravel\framework\src\Illuminate\View\Middleware\ShareErrorsFromSession.php(49): Illuminate\Pipeline\Pipeline->Illuminate\Pipeline\{closure}()
#16 D:\wamp\www\learn\2015\angularjs\angularcode.com\auth-satellizer\server\vendor\laravel\framework\src\Illuminate\Pipeline\Pipeline.php(124): Illuminate\View\Middleware\ShareErrorsFromSession->handle()
#17 D:\wamp\www\learn\2015\angularjs\angularcode.com\auth-satellizer\server\vendor\laravel\framework\src\Illuminate\Pipeline\Pipeline.php(124): call_user_func_array:{D:\wamp\www\learn\2015\angularjs\angularcode.com\auth-satellizer\server\vendor\laravel\framework\src\Illuminate\Pipeline\Pipeline.php:124}()
#18 D:\wamp\www\learn\2015\angularjs\angularcode.com\auth-satellizer\server\vendor\laravel\framework\src\Illuminate\Session\Middleware\StartSession.php(62): Illuminate\Pipeline\Pipeline->Illuminate\Pipeline\{closure}()
#19 D:\wamp\www\learn\2015\angularjs\angularcode.com\auth-satellizer\server\vendor\laravel\framework\src\Illuminate\Pipeline\Pipeline.php(124): Illuminate\Session\Middleware\StartSession->handle()
#20 D:\wamp\www\learn\2015\angularjs\angularcode.com\auth-satellizer\server\vendor\laravel\framework\src\Illuminate\Pipeline\Pipeline.php(124): call_user_func_array:{D:\wamp\www\learn\2015\angularjs\angularcode.com\auth-satellizer\server\vendor\laravel\framework\src\Illuminate\Pipeline\Pipeline.php:124}()
#21 D:\wamp\www\learn\2015\angularjs\angularcode.com\auth-satellizer\server\vendor\laravel\framework\src\Illuminate\Cookie\Middleware\AddQueuedCookiesToResponse.php(37): Illuminate\Pipeline\Pipeline->Illuminate\Pipeline\{closure}()
#22 D:\wamp\www\learn\2015\angularjs\angularcode.com\auth-satellizer\server\vendor\laravel\framework\src\Illuminate\Pipeline\Pipeline.php(124): Illuminate\Cookie\Middleware\AddQueuedCookiesToResponse->handle()
#23 D:\wamp\www\learn\2015\angularjs\angularcode.com\auth-satellizer\server\vendor\laravel\framework\src\Illuminate\Pipeline\Pipeline.php(124): call_user_func_array:{D:\wamp\www\learn\2015\angularjs\angularcode.com\auth-satellizer\server\vendor\laravel\framework\src\Illuminate\Pipeline\Pipeline.php:124}()
#24 D:\wamp\www\learn\2015\angularjs\angularcode.com\auth-satellizer\server\vendor\laravel\framework\src\Illuminate\Cookie\Middleware\EncryptCookies.php(59): Illuminate\Pipeline\Pipeline->Illuminate\Pipeline\{closure}()
#25 D:\wamp\www\learn\2015\angularjs\angularcode.com\auth-satellizer\server\vendor\laravel\framework\src\Illuminate\Pipeline\Pipeline.php(124): Illuminate\Cookie\Middleware\EncryptCookies->handle()
#26 D:\wamp\www\learn\2015\angularjs\angularcode.com\auth-satellizer\server\vendor\laravel\framework\src\Illuminate\Pipeline\Pipeline.php(124): call_user_func_array:{D:\wamp\www\learn\2015\angularjs\angularcode.com\auth-satellizer\server\vendor\laravel\framework\src\Illuminate\Pipeline\Pipeline.php:124}()
#27 D:\wamp\www\learn\2015\angularjs\angularcode.com\auth-satellizer\server\vendor\laravel\framework\src\Illuminate\Foundation\Http\Middleware\CheckForMaintenanceMode.php(44): Illuminate\Pipeline\Pipeline->Illuminate\Pipeline\{closure}()
#28 D:\wamp\www\learn\2015\angularjs\angularcode.com\auth-satellizer\server\vendor\laravel\framework\src\Illuminate\Pipeline\Pipeline.php(124): Illuminate\Foundation\Http\Middleware\CheckForMaintenanceMode->handle()
#29 D:\wamp\www\learn\2015\angularjs\angularcode.com\auth-satellizer\server\vendor\laravel\framework\src\Illuminate\Pipeline\Pipeline.php(124): call_user_func_array:{D:\wamp\www\learn\2015\angularjs\angularcode.com\auth-satellizer\server\vendor\laravel\framework\src\Illuminate\Pipeline\Pipeline.php:124}()
#30 D:\wamp\www\learn\2015\angularjs\angularcode.com\auth-satellizer\server\vendor\laravel\framework\src\Illuminate\Pipeline\Pipeline.php(103): Illuminate\Pipeline\Pipeline->Illuminate\Pipeline\{closure}()
#31 D:\wamp\www\learn\2015\angularjs\angularcode.com\auth-satellizer\server\vendor\laravel\framework\src\Illuminate\Pipeline\Pipeline.php(103): call_user_func:{D:\wamp\www\learn\2015\angularjs\angularcode.com\auth-satellizer\server\vendor\laravel\framework\src\Illuminate\Pipeline\Pipeline.php:103}()
#32 D:\wamp\www\learn\2015\angularjs\angularcode.com\auth-satellizer\server\vendor\laravel\framework\src\Illuminate\Foundation\Http\Kernel.php(132): Illuminate\Pipeline\Pipeline->then()
#33 D:\wamp\www\learn\2015\angularjs\angularcode.com\auth-satellizer\server\vendor\laravel\framework\src\Illuminate\Foundation\Http\Kernel.php(99): Illuminate\Foundation\Http\Kernel->sendRequestThroughRouter()
#34 D:\wamp\www\learn\2015\angularjs\angularcode.com\auth-satellizer\server\public\index.php(53): Illuminate\Foundation\Http\Kernel->handle()
#35 D:\wamp\www\learn\2015\angularjs\angularcode.com\auth-satellizer\server\server.php(21): ()
#36 D:\wamp\www\learn\2015\angularjs\angularcode.com\auth-satellizer\server\server.php(0): {main}()
#37 {main}  
[2016-01-03 04:27:02] development.ERROR: exception 'Symfony\Component\Debug\Exception\FatalErrorException' with message 'Class 'JWT' not found' in D:\wamp\www\learn\2015\angularjs\angularcode.com\auth-satellizer\server\app\Http\Middleware\Authenticate.php:40
Stack trace:
#0 D:\wamp\www\learn\2015\angularjs\angularcode.com\auth-satellizer\server\vendor\laravel\framework\src\Illuminate\Foundation\Bootstrap\HandleExceptions.php(133): Symfony\Component\Debug\Exception\FatalErrorException->__construct()
#1 D:\wamp\www\learn\2015\angularjs\angularcode.com\auth-satellizer\server\vendor\laravel\framework\src\Illuminate\Foundation\Bootstrap\HandleExceptions.php(118): Illuminate\Foundation\Bootstrap\HandleExceptions->fatalExceptionFromError()
#2 D:\wamp\www\learn\2015\angularjs\angularcode.com\auth-satellizer\server\vendor\laravel\framework\src\Illuminate\Foundation\Bootstrap\HandleExceptions.php(0): Illuminate\Foundation\Bootstrap\HandleExceptions->handleShutdown()
#3 D:\wamp\www\learn\2015\angularjs\angularcode.com\auth-satellizer\server\vendor\laravel\framework\src\Illuminate\Pipeline\Pipeline.php(124): App\Http\Middleware\Authenticate->handle()
#4 D:\wamp\www\learn\2015\angularjs\angularcode.com\auth-satellizer\server\vendor\laravel\framework\src\Illuminate\Pipeline\Pipeline.php(124): call_user_func_array:{D:\wamp\www\learn\2015\angularjs\angularcode.com\auth-satellizer\server\vendor\laravel\framework\src\Illuminate\Pipeline\Pipeline.php:124}()
#5 D:\wamp\www\learn\2015\angularjs\angularcode.com\auth-satellizer\server\vendor\laravel\framework\src\Illuminate\Routing\Pipeline.php(30): Illuminate\Pipeline\Pipeline->Illuminate\Pipeline\{closure}()
#6 D:\wamp\www\learn\2015\angularjs\angularcode.com\auth-satellizer\server\vendor\laravel\framework\src\Illuminate\Routing\Pipeline.php(30): call_user_func:{D:\wamp\www\learn\2015\angularjs\angularcode.com\auth-satellizer\server\vendor\laravel\framework\src\Illuminate\Routing\Pipeline.php:30}()
#7 D:\wamp\www\learn\2015\angularjs\angularcode.com\auth-satellizer\server\vendor\laravel\framework\src\Illuminate\Pipeline\Pipeline.php(103): Illuminate\Routing\Pipeline->Illuminate\Routing\{closure}()
#8 D:\wamp\www\learn\2015\angularjs\angularcode.com\auth-satellizer\server\vendor\laravel\framework\src\Illuminate\Pipeline\Pipeline.php(103): call_user_func:{D:\wamp\www\learn\2015\angularjs\angularcode.com\auth-satellizer\server\vendor\laravel\framework\src\Illuminate\Pipeline\Pipeline.php:103}()
#9 D:\wamp\www\learn\2015\angularjs\angularcode.com\auth-satellizer\server\vendor\laravel\framework\src\Illuminate\Routing\Router.php(705): Illuminate\Pipeline\Pipeline->then()
#10 D:\wamp\www\learn\2015\angularjs\angularcode.com\auth-satellizer\server\vendor\laravel\framework\src\Illuminate\Routing\Router.php(678): Illuminate\Routing\Router->runRouteWithinStack()
#11 D:\wamp\www\learn\2015\angularjs\angularcode.com\auth-satellizer\server\vendor\laravel\framework\src\Illuminate\Routing\Router.php(654): Illuminate\Routing\Router->dispatchToRoute()
#12 D:\wamp\www\learn\2015\angularjs\angularcode.com\auth-satellizer\server\vendor\laravel\framework\src\Illuminate\Foundation\Http\Kernel.php(246): Illuminate\Routing\Router->dispatch()
#13 D:\wamp\www\learn\2015\angularjs\angularcode.com\auth-satellizer\server\vendor\laravel\framework\src\Illuminate\Pipeline\Pipeline.php(139): Illuminate\Foundation\Http\Kernel->Illuminate\Foundation\Http\{closure}()
#14 D:\wamp\www\learn\2015\angularjs\angularcode.com\auth-satellizer\server\vendor\laravel\framework\src\Illuminate\Pipeline\Pipeline.php(139): call_user_func:{D:\wamp\www\learn\2015\angularjs\angularcode.com\auth-satellizer\server\vendor\laravel\framework\src\Illuminate\Pipeline\Pipeline.php:139}()
#15 D:\wamp\www\learn\2015\angularjs\angularcode.com\auth-satellizer\server\vendor\laravel\framework\src\Illuminate\View\Middleware\ShareErrorsFromSession.php(49): Illuminate\Pipeline\Pipeline->Illuminate\Pipeline\{closure}()
#16 D:\wamp\www\learn\2015\angularjs\angularcode.com\auth-satellizer\server\vendor\laravel\framework\src\Illuminate\Pipeline\Pipeline.php(124): Illuminate\View\Middleware\ShareErrorsFromSession->handle()
#17 D:\wamp\www\learn\2015\angularjs\angularcode.com\auth-satellizer\server\vendor\laravel\framework\src\Illuminate\Pipeline\Pipeline.php(124): call_user_func_array:{D:\wamp\www\learn\2015\angularjs\angularcode.com\auth-satellizer\server\vendor\laravel\framework\src\Illuminate\Pipeline\Pipeline.php:124}()
#18 D:\wamp\www\learn\2015\angularjs\angularcode.com\auth-satellizer\server\vendor\laravel\framework\src\Illuminate\Session\Middleware\StartSession.php(62): Illuminate\Pipeline\Pipeline->Illuminate\Pipeline\{closure}()
#19 D:\wamp\www\learn\2015\angularjs\angularcode.com\auth-satellizer\server\vendor\laravel\framework\src\Illuminate\Pipeline\Pipeline.php(124): Illuminate\Session\Middleware\StartSession->handle()
#20 D:\wamp\www\learn\2015\angularjs\angularcode.com\auth-satellizer\server\vendor\laravel\framework\src\Illuminate\Pipeline\Pipeline.php(124): call_user_func_array:{D:\wamp\www\learn\2015\angularjs\angularcode.com\auth-satellizer\server\vendor\laravel\framework\src\Illuminate\Pipeline\Pipeline.php:124}()
#21 D:\wamp\www\learn\2015\angularjs\angularcode.com\auth-satellizer\server\vendor\laravel\framework\src\Illuminate\Cookie\Middleware\AddQueuedCookiesToResponse.php(37): Illuminate\Pipeline\Pipeline->Illuminate\Pipeline\{closure}()
#22 D:\wamp\www\learn\2015\angularjs\angularcode.com\auth-satellizer\server\vendor\laravel\framework\src\Illuminate\Pipeline\Pipeline.php(124): Illuminate\Cookie\Middleware\AddQueuedCookiesToResponse->handle()
#23 D:\wamp\www\learn\2015\angularjs\angularcode.com\auth-satellizer\server\vendor\laravel\framework\src\Illuminate\Pipeline\Pipeline.php(124): call_user_func_array:{D:\wamp\www\learn\2015\angularjs\angularcode.com\auth-satellizer\server\vendor\laravel\framework\src\Illuminate\Pipeline\Pipeline.php:124}()
#24 D:\wamp\www\learn\2015\angularjs\angularcode.com\auth-satellizer\server\vendor\laravel\framework\src\Illuminate\Cookie\Middleware\EncryptCookies.php(59): Illuminate\Pipeline\Pipeline->Illuminate\Pipeline\{closure}()
#25 D:\wamp\www\learn\2015\angularjs\angularcode.com\auth-satellizer\server\vendor\laravel\framework\src\Illuminate\Pipeline\Pipeline.php(124): Illuminate\Cookie\Middleware\EncryptCookies->handle()
#26 D:\wamp\www\learn\2015\angularjs\angularcode.com\auth-satellizer\server\vendor\laravel\framework\src\Illuminate\Pipeline\Pipeline.php(124): call_user_func_array:{D:\wamp\www\learn\2015\angularjs\angularcode.com\auth-satellizer\server\vendor\laravel\framework\src\Illuminate\Pipeline\Pipeline.php:124}()
#27 D:\wamp\www\learn\2015\angularjs\angularcode.com\auth-satellizer\server\vendor\laravel\framework\src\Illuminate\Foundation\Http\Middleware\CheckForMaintenanceMode.php(44): Illuminate\Pipeline\Pipeline->Illuminate\Pipeline\{closure}()
#28 D:\wamp\www\learn\2015\angularjs\angularcode.com\auth-satellizer\server\vendor\laravel\framework\src\Illuminate\Pipeline\Pipeline.php(124): Illuminate\Foundation\Http\Middleware\CheckForMaintenanceMode->handle()
#29 D:\wamp\www\learn\2015\angularjs\angularcode.com\auth-satellizer\server\vendor\laravel\framework\src\Illuminate\Pipeline\Pipeline.php(124): call_user_func_array:{D:\wamp\www\learn\2015\angularjs\angularcode.com\auth-satellizer\server\vendor\laravel\framework\src\Illuminate\Pipeline\Pipeline.php:124}()
#30 D:\wamp\www\learn\2015\angularjs\angularcode.com\auth-satellizer\server\vendor\laravel\framework\src\Illuminate\Pipeline\Pipeline.php(103): Illuminate\Pipeline\Pipeline->Illuminate\Pipeline\{closure}()
#31 D:\wamp\www\learn\2015\angularjs\angularcode.com\auth-satellizer\server\vendor\laravel\framework\src\Illuminate\Pipeline\Pipeline.php(103): call_user_func:{D:\wamp\www\learn\2015\angularjs\angularcode.com\auth-satellizer\server\vendor\laravel\framework\src\Illuminate\Pipeline\Pipeline.php:103}()
#32 D:\wamp\www\learn\2015\angularjs\angularcode.com\auth-satellizer\server\vendor\laravel\framework\src\Illuminate\Foundation\Http\Kernel.php(132): Illuminate\Pipeline\Pipeline->then()
#33 D:\wamp\www\learn\2015\angularjs\angularcode.com\auth-satellizer\server\vendor\laravel\framework\src\Illuminate\Foundation\Http\Kernel.php(99): Illuminate\Foundation\Http\Kernel->sendRequestThroughRouter()
#34 D:\wamp\www\learn\2015\angularjs\angularcode.com\auth-satellizer\server\public\index.php(53): Illuminate\Foundation\Http\Kernel->handle()
#35 D:\wamp\www\learn\2015\angularjs\angularcode.com\auth-satellizer\server\server.php(21): ()
#36 D:\wamp\www\learn\2015\angularjs\angularcode.com\auth-satellizer\server\server.php(0): {main}()
#37 {main}  
[2016-01-03 04:27:11] development.ERROR: exception 'Symfony\Component\Debug\Exception\FatalErrorException' with message 'Class 'JWT' not found' in D:\wamp\www\learn\2015\angularjs\angularcode.com\auth-satellizer\server\app\Http\Middleware\Authenticate.php:40
Stack trace:
#0 D:\wamp\www\learn\2015\angularjs\angularcode.com\auth-satellizer\server\vendor\laravel\framework\src\Illuminate\Foundation\Bootstrap\HandleExceptions.php(133): Symfony\Component\Debug\Exception\FatalErrorException->__construct()
#1 D:\wamp\www\learn\2015\angularjs\angularcode.com\auth-satellizer\server\vendor\laravel\framework\src\Illuminate\Foundation\Bootstrap\HandleExceptions.php(118): Illuminate\Foundation\Bootstrap\HandleExceptions->fatalExceptionFromError()
#2 D:\wamp\www\learn\2015\angularjs\angularcode.com\auth-satellizer\server\vendor\laravel\framework\src\Illuminate\Foundation\Bootstrap\HandleExceptions.php(0): Illuminate\Foundation\Bootstrap\HandleExceptions->handleShutdown()
#3 D:\wamp\www\learn\2015\angularjs\angularcode.com\auth-satellizer\server\vendor\laravel\framework\src\Illuminate\Pipeline\Pipeline.php(124): App\Http\Middleware\Authenticate->handle()
#4 D:\wamp\www\learn\2015\angularjs\angularcode.com\auth-satellizer\server\vendor\laravel\framework\src\Illuminate\Pipeline\Pipeline.php(124): call_user_func_array:{D:\wamp\www\learn\2015\angularjs\angularcode.com\auth-satellizer\server\vendor\laravel\framework\src\Illuminate\Pipeline\Pipeline.php:124}()
#5 D:\wamp\www\learn\2015\angularjs\angularcode.com\auth-satellizer\server\vendor\laravel\framework\src\Illuminate\Routing\Pipeline.php(30): Illuminate\Pipeline\Pipeline->Illuminate\Pipeline\{closure}()
#6 D:\wamp\www\learn\2015\angularjs\angularcode.com\auth-satellizer\server\vendor\laravel\framework\src\Illuminate\Routing\Pipeline.php(30): call_user_func:{D:\wamp\www\learn\2015\angularjs\angularcode.com\auth-satellizer\server\vendor\laravel\framework\src\Illuminate\Routing\Pipeline.php:30}()
#7 D:\wamp\www\learn\2015\angularjs\angularcode.com\auth-satellizer\server\vendor\laravel\framework\src\Illuminate\Pipeline\Pipeline.php(103): Illuminate\Routing\Pipeline->Illuminate\Routing\{closure}()
#8 D:\wamp\www\learn\2015\angularjs\angularcode.com\auth-satellizer\server\vendor\laravel\framework\src\Illuminate\Pipeline\Pipeline.php(103): call_user_func:{D:\wamp\www\learn\2015\angularjs\angularcode.com\auth-satellizer\server\vendor\laravel\framework\src\Illuminate\Pipeline\Pipeline.php:103}()
#9 D:\wamp\www\learn\2015\angularjs\angularcode.com\auth-satellizer\server\vendor\laravel\framework\src\Illuminate\Routing\Router.php(705): Illuminate\Pipeline\Pipeline->then()
#10 D:\wamp\www\learn\2015\angularjs\angularcode.com\auth-satellizer\server\vendor\laravel\framework\src\Illuminate\Routing\Router.php(678): Illuminate\Routing\Router->runRouteWithinStack()
#11 D:\wamp\www\learn\2015\angularjs\angularcode.com\auth-satellizer\server\vendor\laravel\framework\src\Illuminate\Routing\Router.php(654): Illuminate\Routing\Router->dispatchToRoute()
#12 D:\wamp\www\learn\2015\angularjs\angularcode.com\auth-satellizer\server\vendor\laravel\framework\src\Illuminate\Foundation\Http\Kernel.php(246): Illuminate\Routing\Router->dispatch()
#13 D:\wamp\www\learn\2015\angularjs\angularcode.com\auth-satellizer\server\vendor\laravel\framework\src\Illuminate\Pipeline\Pipeline.php(139): Illuminate\Foundation\Http\Kernel->Illuminate\Foundation\Http\{closure}()
#14 D:\wamp\www\learn\2015\angularjs\angularcode.com\auth-satellizer\server\vendor\laravel\framework\src\Illuminate\Pipeline\Pipeline.php(139): call_user_func:{D:\wamp\www\learn\2015\angularjs\angularcode.com\auth-satellizer\server\vendor\laravel\framework\src\Illuminate\Pipeline\Pipeline.php:139}()
#15 D:\wamp\www\learn\2015\angularjs\angularcode.com\auth-satellizer\server\vendor\laravel\framework\src\Illuminate\View\Middleware\ShareErrorsFromSession.php(49): Illuminate\Pipeline\Pipeline->Illuminate\Pipeline\{closure}()
#16 D:\wamp\www\learn\2015\angularjs\angularcode.com\auth-satellizer\server\vendor\laravel\framework\src\Illuminate\Pipeline\Pipeline.php(124): Illuminate\View\Middleware\ShareErrorsFromSession->handle()
#17 D:\wamp\www\learn\2015\angularjs\angularcode.com\auth-satellizer\server\vendor\laravel\framework\src\Illuminate\Pipeline\Pipeline.php(124): call_user_func_array:{D:\wamp\www\learn\2015\angularjs\angularcode.com\auth-satellizer\server\vendor\laravel\framework\src\Illuminate\Pipeline\Pipeline.php:124}()
#18 D:\wamp\www\learn\2015\angularjs\angularcode.com\auth-satellizer\server\vendor\laravel\framework\src\Illuminate\Session\Middleware\StartSession.php(62): Illuminate\Pipeline\Pipeline->Illuminate\Pipeline\{closure}()
#19 D:\wamp\www\learn\2015\angularjs\angularcode.com\auth-satellizer\server\vendor\laravel\framework\src\Illuminate\Pipeline\Pipeline.php(124): Illuminate\Session\Middleware\StartSession->handle()
#20 D:\wamp\www\learn\2015\angularjs\angularcode.com\auth-satellizer\server\vendor\laravel\framework\src\Illuminate\Pipeline\Pipeline.php(124): call_user_func_array:{D:\wamp\www\learn\2015\angularjs\angularcode.com\auth-satellizer\server\vendor\laravel\framework\src\Illuminate\Pipeline\Pipeline.php:124}()
#21 D:\wamp\www\learn\2015\angularjs\angularcode.com\auth-satellizer\server\vendor\laravel\framework\src\Illuminate\Cookie\Middleware\AddQueuedCookiesToResponse.php(37): Illuminate\Pipeline\Pipeline->Illuminate\Pipeline\{closure}()
#22 D:\wamp\www\learn\2015\angularjs\angularcode.com\auth-satellizer\server\vendor\laravel\framework\src\Illuminate\Pipeline\Pipeline.php(124): Illuminate\Cookie\Middleware\AddQueuedCookiesToResponse->handle()
#23 D:\wamp\www\learn\2015\angularjs\angularcode.com\auth-satellizer\server\vendor\laravel\framework\src\Illuminate\Pipeline\Pipeline.php(124): call_user_func_array:{D:\wamp\www\learn\2015\angularjs\angularcode.com\auth-satellizer\server\vendor\laravel\framework\src\Illuminate\Pipeline\Pipeline.php:124}()
#24 D:\wamp\www\learn\2015\angularjs\angularcode.com\auth-satellizer\server\vendor\laravel\framework\src\Illuminate\Cookie\Middleware\EncryptCookies.php(59): Illuminate\Pipeline\Pipeline->Illuminate\Pipeline\{closure}()
#25 D:\wamp\www\learn\2015\angularjs\angularcode.com\auth-satellizer\server\vendor\laravel\framework\src\Illuminate\Pipeline\Pipeline.php(124): Illuminate\Cookie\Middleware\EncryptCookies->handle()
#26 D:\wamp\www\learn\2015\angularjs\angularcode.com\auth-satellizer\server\vendor\laravel\framework\src\Illuminate\Pipeline\Pipeline.php(124): call_user_func_array:{D:\wamp\www\learn\2015\angularjs\angularcode.com\auth-satellizer\server\vendor\laravel\framework\src\Illuminate\Pipeline\Pipeline.php:124}()
#27 D:\wamp\www\learn\2015\angularjs\angularcode.com\auth-satellizer\server\vendor\laravel\framework\src\Illuminate\Foundation\Http\Middleware\CheckForMaintenanceMode.php(44): Illuminate\Pipeline\Pipeline->Illuminate\Pipeline\{closure}()
#28 D:\wamp\www\learn\2015\angularjs\angularcode.com\auth-satellizer\server\vendor\laravel\framework\src\Illuminate\Pipeline\Pipeline.php(124): Illuminate\Foundation\Http\Middleware\CheckForMaintenanceMode->handle()
#29 D:\wamp\www\learn\2015\angularjs\angularcode.com\auth-satellizer\server\vendor\laravel\framework\src\Illuminate\Pipeline\Pipeline.php(124): call_user_func_array:{D:\wamp\www\learn\2015\angularjs\angularcode.com\auth-satellizer\server\vendor\laravel\framework\src\Illuminate\Pipeline\Pipeline.php:124}()
#30 D:\wamp\www\learn\2015\angularjs\angularcode.com\auth-satellizer\server\vendor\laravel\framework\src\Illuminate\Pipeline\Pipeline.php(103): Illuminate\Pipeline\Pipeline->Illuminate\Pipeline\{closure}()
#31 D:\wamp\www\learn\2015\angularjs\angularcode.com\auth-satellizer\server\vendor\laravel\framework\src\Illuminate\Pipeline\Pipeline.php(103): call_user_func:{D:\wamp\www\learn\2015\angularjs\angularcode.com\auth-satellizer\server\vendor\laravel\framework\src\Illuminate\Pipeline\Pipeline.php:103}()
#32 D:\wamp\www\learn\2015\angularjs\angularcode.com\auth-satellizer\server\vendor\laravel\framework\src\Illuminate\Foundation\Http\Kernel.php(132): Illuminate\Pipeline\Pipeline->then()
#33 D:\wamp\www\learn\2015\angularjs\angularcode.com\auth-satellizer\server\vendor\laravel\framework\src\Illuminate\Foundation\Http\Kernel.php(99): Illuminate\Foundation\Http\Kernel->sendRequestThroughRouter()
#34 D:\wamp\www\learn\2015\angularjs\angularcode.com\auth-satellizer\server\public\index.php(53): Illuminate\Foundation\Http\Kernel->handle()
#35 D:\wamp\www\learn\2015\angularjs\angularcode.com\auth-satellizer\server\server.php(21): ()
#36 D:\wamp\www\learn\2015\angularjs\angularcode.com\auth-satellizer\server\server.php(0): {main}()
#37 {main}  
[2016-01-03 04:30:07] development.ERROR: exception 'Symfony\Component\Debug\Exception\FatalErrorException' with message 'Call to undefined method Firebase\JWT\JWT::isDeferred()' in D:\wamp\www\learn\2015\angularjs\angularcode.com\auth-satellizer\server\vendor\laravel\framework\src\Illuminate\Foundation\ProviderRepository.php:119
Stack trace:
#0 D:\wamp\www\learn\2015\angularjs\angularcode.com\auth-satellizer\server\vendor\laravel\framework\src\Illuminate\Foundation\Bootstrap\HandleExceptions.php(133): Symfony\Component\Debug\Exception\FatalErrorException->__construct()
#1 D:\wamp\www\learn\2015\angularjs\angularcode.com\auth-satellizer\server\vendor\laravel\framework\src\Illuminate\Foundation\Bootstrap\HandleExceptions.php(118): Illuminate\Foundation\Bootstrap\HandleExceptions->fatalExceptionFromError()
#2 D:\wamp\www\learn\2015\angularjs\angularcode.com\auth-satellizer\server\vendor\laravel\framework\src\Illuminate\Foundation\Bootstrap\HandleExceptions.php(0): Illuminate\Foundation\Bootstrap\HandleExceptions->handleShutdown()
#3 D:\wamp\www\learn\2015\angularjs\angularcode.com\auth-satellizer\server\vendor\laravel\framework\src\Illuminate\Foundation\ProviderRepository.php(60): Illuminate\Foundation\ProviderRepository->compileManifest()
#4 D:\wamp\www\learn\2015\angularjs\angularcode.com\auth-satellizer\server\vendor\laravel\framework\src\Illuminate\Foundation\Application.php(507): Illuminate\Foundation\ProviderRepository->load()
#5 D:\wamp\www\learn\2015\angularjs\angularcode.com\auth-satellizer\server\vendor\laravel\framework\src\Illuminate\Foundation\Bootstrap\RegisterProviders.php(17): Illuminate\Foundation\Application->registerConfiguredProviders()
#6 D:\wamp\www\learn\2015\angularjs\angularcode.com\auth-satellizer\server\vendor\laravel\framework\src\Illuminate\Foundation\Application.php(203): Illuminate\Foundation\Bootstrap\RegisterProviders->bootstrap()
#7 D:\wamp\www\learn\2015\angularjs\angularcode.com\auth-satellizer\server\vendor\laravel\framework\src\Illuminate\Foundation\Console\Kernel.php(208): Illuminate\Foundation\Application->bootstrapWith()
#8 D:\wamp\www\learn\2015\angularjs\angularcode.com\auth-satellizer\server\vendor\laravel\framework\src\Illuminate\Foundation\Console\Kernel.php(105): Illuminate\Foundation\Console\Kernel->bootstrap()
#9 D:\wamp\www\learn\2015\angularjs\angularcode.com\auth-satellizer\server\artisan(36): Illuminate\Foundation\Console\Kernel->handle()
#10 D:\wamp\www\learn\2015\angularjs\angularcode.com\auth-satellizer\server\artisan(0): {main}()
#11 {main}  
[2016-01-03 04:32:06] development.ERROR: exception 'Symfony\Component\Debug\Exception\FatalErrorException' with message 'Class 'JWT' not found' in D:\wamp\www\learn\2015\angularjs\angularcode.com\auth-satellizer\server\app\Http\Middleware\Authenticate.php:40
Stack trace:
#0 D:\wamp\www\learn\2015\angularjs\angularcode.com\auth-satellizer\server\vendor\laravel\framework\src\Illuminate\Foundation\Bootstrap\HandleExceptions.php(133): Symfony\Component\Debug\Exception\FatalErrorException->__construct()
#1 D:\wamp\www\learn\2015\angularjs\angularcode.com\auth-satellizer\server\vendor\laravel\framework\src\Illuminate\Foundation\Bootstrap\HandleExceptions.php(118): Illuminate\Foundation\Bootstrap\HandleExceptions->fatalExceptionFromError()
#2 D:\wamp\www\learn\2015\angularjs\angularcode.com\auth-satellizer\server\vendor\laravel\framework\src\Illuminate\Foundation\Bootstrap\HandleExceptions.php(0): Illuminate\Foundation\Bootstrap\HandleExceptions->handleShutdown()
#3 D:\wamp\www\learn\2015\angularjs\angularcode.com\auth-satellizer\server\vendor\laravel\framework\src\Illuminate\Pipeline\Pipeline.php(124): App\Http\Middleware\Authenticate->handle()
#4 D:\wamp\www\learn\2015\angularjs\angularcode.com\auth-satellizer\server\vendor\laravel\framework\src\Illuminate\Pipeline\Pipeline.php(124): call_user_func_array:{D:\wamp\www\learn\2015\angularjs\angularcode.com\auth-satellizer\server\vendor\laravel\framework\src\Illuminate\Pipeline\Pipeline.php:124}()
#5 D:\wamp\www\learn\2015\angularjs\angularcode.com\auth-satellizer\server\vendor\laravel\framework\src\Illuminate\Routing\Pipeline.php(30): Illuminate\Pipeline\Pipeline->Illuminate\Pipeline\{closure}()
#6 D:\wamp\www\learn\2015\angularjs\angularcode.com\auth-satellizer\server\vendor\laravel\framework\src\Illuminate\Routing\Pipeline.php(30): call_user_func:{D:\wamp\www\learn\2015\angularjs\angularcode.com\auth-satellizer\server\vendor\laravel\framework\src\Illuminate\Routing\Pipeline.php:30}()
#7 D:\wamp\www\learn\2015\angularjs\angularcode.com\auth-satellizer\server\vendor\laravel\framework\src\Illuminate\Pipeline\Pipeline.php(103): Illuminate\Routing\Pipeline->Illuminate\Routing\{closure}()
#8 D:\wamp\www\learn\2015\angularjs\angularcode.com\auth-satellizer\server\vendor\laravel\framework\src\Illuminate\Pipeline\Pipeline.php(103): call_user_func:{D:\wamp\www\learn\2015\angularjs\angularcode.com\auth-satellizer\server\vendor\laravel\framework\src\Illuminate\Pipeline\Pipeline.php:103}()
#9 D:\wamp\www\learn\2015\angularjs\angularcode.com\auth-satellizer\server\vendor\laravel\framework\src\Illuminate\Routing\Router.php(705): Illuminate\Pipeline\Pipeline->then()
#10 D:\wamp\www\learn\2015\angularjs\angularcode.com\auth-satellizer\server\vendor\laravel\framework\src\Illuminate\Routing\Router.php(678): Illuminate\Routing\Router->runRouteWithinStack()
#11 D:\wamp\www\learn\2015\angularjs\angularcode.com\auth-satellizer\server\vendor\laravel\framework\src\Illuminate\Routing\Router.php(654): Illuminate\Routing\Router->dispatchToRoute()
#12 D:\wamp\www\learn\2015\angularjs\angularcode.com\auth-satellizer\server\vendor\laravel\framework\src\Illuminate\Foundation\Http\Kernel.php(246): Illuminate\Routing\Router->dispatch()
#13 D:\wamp\www\learn\2015\angularjs\angularcode.com\auth-satellizer\server\vendor\laravel\framework\src\Illuminate\Pipeline\Pipeline.php(139): Illuminate\Foundation\Http\Kernel->Illuminate\Foundation\Http\{closure}()
#14 D:\wamp\www\learn\2015\angularjs\angularcode.com\auth-satellizer\server\vendor\laravel\framework\src\Illuminate\Pipeline\Pipeline.php(139): call_user_func:{D:\wamp\www\learn\2015\angularjs\angularcode.com\auth-satellizer\server\vendor\laravel\framework\src\Illuminate\Pipeline\Pipeline.php:139}()
#15 D:\wamp\www\learn\2015\angularjs\angularcode.com\auth-satellizer\server\vendor\laravel\framework\src\Illuminate\View\Middleware\ShareErrorsFromSession.php(49): Illuminate\Pipeline\Pipeline->Illuminate\Pipeline\{closure}()
#16 D:\wamp\www\learn\2015\angularjs\angularcode.com\auth-satellizer\server\vendor\laravel\framework\src\Illuminate\Pipeline\Pipeline.php(124): Illuminate\View\Middleware\ShareErrorsFromSession->handle()
#17 D:\wamp\www\learn\2015\angularjs\angularcode.com\auth-satellizer\server\vendor\laravel\framework\src\Illuminate\Pipeline\Pipeline.php(124): call_user_func_array:{D:\wamp\www\learn\2015\angularjs\angularcode.com\auth-satellizer\server\vendor\laravel\framework\src\Illuminate\Pipeline\Pipeline.php:124}()
#18 D:\wamp\www\learn\2015\angularjs\angularcode.com\auth-satellizer\server\vendor\laravel\framework\src\Illuminate\Session\Middleware\StartSession.php(62): Illuminate\Pipeline\Pipeline->Illuminate\Pipeline\{closure}()
#19 D:\wamp\www\learn\2015\angularjs\angularcode.com\auth-satellizer\server\vendor\laravel\framework\src\Illuminate\Pipeline\Pipeline.php(124): Illuminate\Session\Middleware\StartSession->handle()
#20 D:\wamp\www\learn\2015\angularjs\angularcode.com\auth-satellizer\server\vendor\laravel\framework\src\Illuminate\Pipeline\Pipeline.php(124): call_user_func_array:{D:\wamp\www\learn\2015\angularjs\angularcode.com\auth-satellizer\server\vendor\laravel\framework\src\Illuminate\Pipeline\Pipeline.php:124}()
#21 D:\wamp\www\learn\2015\angularjs\angularcode.com\auth-satellizer\server\vendor\laravel\framework\src\Illuminate\Cookie\Middleware\AddQueuedCookiesToResponse.php(37): Illuminate\Pipeline\Pipeline->Illuminate\Pipeline\{closure}()
#22 D:\wamp\www\learn\2015\angularjs\angularcode.com\auth-satellizer\server\vendor\laravel\framework\src\Illuminate\Pipeline\Pipeline.php(124): Illuminate\Cookie\Middleware\AddQueuedCookiesToResponse->handle()
#23 D:\wamp\www\learn\2015\angularjs\angularcode.com\auth-satellizer\server\vendor\laravel\framework\src\Illuminate\Pipeline\Pipeline.php(124): call_user_func_array:{D:\wamp\www\learn\2015\angularjs\angularcode.com\auth-satellizer\server\vendor\laravel\framework\src\Illuminate\Pipeline\Pipeline.php:124}()
#24 D:\wamp\www\learn\2015\angularjs\angularcode.com\auth-satellizer\server\vendor\laravel\framework\src\Illuminate\Cookie\Middleware\EncryptCookies.php(59): Illuminate\Pipeline\Pipeline->Illuminate\Pipeline\{closure}()
#25 D:\wamp\www\learn\2015\angularjs\angularcode.com\auth-satellizer\server\vendor\laravel\framework\src\Illuminate\Pipeline\Pipeline.php(124): Illuminate\Cookie\Middleware\EncryptCookies->handle()
#26 D:\wamp\www\learn\2015\angularjs\angularcode.com\auth-satellizer\server\vendor\laravel\framework\src\Illuminate\Pipeline\Pipeline.php(124): call_user_func_array:{D:\wamp\www\learn\2015\angularjs\angularcode.com\auth-satellizer\server\vendor\laravel\framework\src\Illuminate\Pipeline\Pipeline.php:124}()
#27 D:\wamp\www\learn\2015\angularjs\angularcode.com\auth-satellizer\server\vendor\laravel\framework\src\Illuminate\Foundation\Http\Middleware\CheckForMaintenanceMode.php(44): Illuminate\Pipeline\Pipeline->Illuminate\Pipeline\{closure}()
#28 D:\wamp\www\learn\2015\angularjs\angularcode.com\auth-satellizer\server\vendor\laravel\framework\src\Illuminate\Pipeline\Pipeline.php(124): Illuminate\Foundation\Http\Middleware\CheckForMaintenanceMode->handle()
#29 D:\wamp\www\learn\2015\angularjs\angularcode.com\auth-satellizer\server\vendor\laravel\framework\src\Illuminate\Pipeline\Pipeline.php(124): call_user_func_array:{D:\wamp\www\learn\2015\angularjs\angularcode.com\auth-satellizer\server\vendor\laravel\framework\src\Illuminate\Pipeline\Pipeline.php:124}()
#30 D:\wamp\www\learn\2015\angularjs\angularcode.com\auth-satellizer\server\vendor\laravel\framework\src\Illuminate\Pipeline\Pipeline.php(103): Illuminate\Pipeline\Pipeline->Illuminate\Pipeline\{closure}()
#31 D:\wamp\www\learn\2015\angularjs\angularcode.com\auth-satellizer\server\vendor\laravel\framework\src\Illuminate\Pipeline\Pipeline.php(103): call_user_func:{D:\wamp\www\learn\2015\angularjs\angularcode.com\auth-satellizer\server\vendor\laravel\framework\src\Illuminate\Pipeline\Pipeline.php:103}()
#32 D:\wamp\www\learn\2015\angularjs\angularcode.com\auth-satellizer\server\vendor\laravel\framework\src\Illuminate\Foundation\Http\Kernel.php(132): Illuminate\Pipeline\Pipeline->then()
#33 D:\wamp\www\learn\2015\angularjs\angularcode.com\auth-satellizer\server\vendor\laravel\framework\src\Illuminate\Foundation\Http\Kernel.php(99): Illuminate\Foundation\Http\Kernel->sendRequestThroughRouter()
#34 D:\wamp\www\learn\2015\angularjs\angularcode.com\auth-satellizer\server\public\index.php(53): Illuminate\Foundation\Http\Kernel->handle()
#35 D:\wamp\www\learn\2015\angularjs\angularcode.com\auth-satellizer\server\server.php(21): ()
#36 D:\wamp\www\learn\2015\angularjs\angularcode.com\auth-satellizer\server\server.php(0): {main}()
#37 {main}  
[2016-01-03 04:46:58] development.ERROR: exception 'GuzzleHttp\Exception\RequestException' with message 'cURL error 60: SSL certificate problem: unable to get local issuer certificate (see http://curl.haxx.se/libcurl/c/libcurl-errors.html)' in D:\wamp\www\learn\2015\angularjs\angularcode.com\auth-satellizer\server\vendor\guzzlehttp\guzzle\src\Handler\CurlFactory.php:187
Stack trace:
#0 D:\wamp\www\learn\2015\angularjs\angularcode.com\auth-satellizer\server\vendor\guzzlehttp\guzzle\src\Handler\CurlFactory.php(150): GuzzleHttp\Handler\CurlFactory::createRejection(Object(GuzzleHttp\Handler\EasyHandle), Array)
#1 D:\wamp\www\learn\2015\angularjs\angularcode.com\auth-satellizer\server\vendor\guzzlehttp\guzzle\src\Handler\CurlFactory.php(103): GuzzleHttp\Handler\CurlFactory::finishError(Object(GuzzleHttp\Handler\CurlHandler), Object(GuzzleHttp\Handler\EasyHandle), Object(GuzzleHttp\Handler\CurlFactory))
#2 D:\wamp\www\learn\2015\angularjs\angularcode.com\auth-satellizer\server\vendor\guzzlehttp\guzzle\src\Handler\CurlHandler.php(43): GuzzleHttp\Handler\CurlFactory::finish(Object(GuzzleHttp\Handler\CurlHandler), Object(GuzzleHttp\Handler\EasyHandle), Object(GuzzleHttp\Handler\CurlFactory))
#3 D:\wamp\www\learn\2015\angularjs\angularcode.com\auth-satellizer\server\vendor\guzzlehttp\guzzle\src\Handler\Proxy.php(28): GuzzleHttp\Handler\CurlHandler->__invoke(Object(GuzzleHttp\Psr7\Request), Array)
#4 D:\wamp\www\learn\2015\angularjs\angularcode.com\auth-satellizer\server\vendor\guzzlehttp\guzzle\src\Handler\Proxy.php(51): GuzzleHttp\Handler\Proxy::GuzzleHttp\Handler\{closure}(Object(GuzzleHttp\Psr7\Request), Array)
#5 D:\wamp\www\learn\2015\angularjs\angularcode.com\auth-satellizer\server\vendor\guzzlehttp\guzzle\src\PrepareBodyMiddleware.php(42): GuzzleHttp\Handler\Proxy::GuzzleHttp\Handler\{closure}(Object(GuzzleHttp\Psr7\Request), Array)
#6 D:\wamp\www\learn\2015\angularjs\angularcode.com\auth-satellizer\server\vendor\guzzlehttp\guzzle\src\Middleware.php(30): GuzzleHttp\PrepareBodyMiddleware->__invoke(Object(GuzzleHttp\Psr7\Request), Array)
#7 D:\wamp\www\learn\2015\angularjs\angularcode.com\auth-satellizer\server\vendor\guzzlehttp\guzzle\src\RedirectMiddleware.php(68): GuzzleHttp\Middleware::GuzzleHttp\{closure}(Object(GuzzleHttp\Psr7\Request), Array)
#8 D:\wamp\www\learn\2015\angularjs\angularcode.com\auth-satellizer\server\vendor\guzzlehttp\guzzle\src\Middleware.php(59): GuzzleHttp\RedirectMiddleware->__invoke(Object(GuzzleHttp\Psr7\Request), Array)
#9 D:\wamp\www\learn\2015\angularjs\angularcode.com\auth-satellizer\server\vendor\guzzlehttp\guzzle\src\HandlerStack.php(67): GuzzleHttp\Middleware::GuzzleHttp\{closure}(Object(GuzzleHttp\Psr7\Request), Array)
#10 D:\wamp\www\learn\2015\angularjs\angularcode.com\auth-satellizer\server\vendor\guzzlehttp\guzzle\src\Client.php(268): GuzzleHttp\HandlerStack->__invoke(Object(GuzzleHttp\Psr7\Request), Array)
#11 D:\wamp\www\learn\2015\angularjs\angularcode.com\auth-satellizer\server\vendor\guzzlehttp\guzzle\src\Client.php(123): GuzzleHttp\Client->transfer(Object(GuzzleHttp\Psr7\Request), Array)
#12 D:\wamp\www\learn\2015\angularjs\angularcode.com\auth-satellizer\server\vendor\guzzlehttp\guzzle\src\Client.php(129): GuzzleHttp\Client->requestAsync('GET', 'https://graph.f...', Array)
#13 D:\wamp\www\learn\2015\angularjs\angularcode.com\auth-satellizer\server\app\Http\Controllers\AuthController.php(114): GuzzleHttp\Client->request('GET', 'https://graph.f...', Array)
#14 [internal function]: App\Http\Controllers\AuthController->facebook(Object(Illuminate\Http\Request))
#15 D:\wamp\www\learn\2015\angularjs\angularcode.com\auth-satellizer\server\vendor\laravel\framework\src\Illuminate\Routing\Controller.php(76): call_user_func_array(Array, Array)
#16 D:\wamp\www\learn\2015\angularjs\angularcode.com\auth-satellizer\server\vendor\laravel\framework\src\Illuminate\Routing\ControllerDispatcher.php(146): Illuminate\Routing\Controller->callAction('facebook', Array)
#17 D:\wamp\www\learn\2015\angularjs\angularcode.com\auth-satellizer\server\vendor\laravel\framework\src\Illuminate\Routing\ControllerDispatcher.php(94): Illuminate\Routing\ControllerDispatcher->call(Object(App\Http\Controllers\AuthController), Object(Illuminate\Routing\Route), 'facebook')
#18 [internal function]: Illuminate\Routing\ControllerDispatcher->Illuminate\Routing\{closure}(Object(Illuminate\Http\Request))
#19 D:\wamp\www\learn\2015\angularjs\angularcode.com\auth-satellizer\server\vendor\laravel\framework\src\Illuminate\Pipeline\Pipeline.php(139): call_user_func(Object(Closure), Object(Illuminate\Http\Request))
#20 [internal function]: Illuminate\Pipeline\Pipeline->Illuminate\Pipeline\{closure}(Object(Illuminate\Http\Request))
#21 D:\wamp\www\learn\2015\angularjs\angularcode.com\auth-satellizer\server\vendor\laravel\framework\src\Illuminate\Pipeline\Pipeline.php(103): call_user_func(Object(Closure), Object(Illuminate\Http\Request))
#22 D:\wamp\www\learn\2015\angularjs\angularcode.com\auth-satellizer\server\vendor\laravel\framework\src\Illuminate\Routing\ControllerDispatcher.php(96): Illuminate\Pipeline\Pipeline->then(Object(Closure))
#23 D:\wamp\www\learn\2015\angularjs\angularcode.com\auth-satellizer\server\vendor\laravel\framework\src\Illuminate\Routing\ControllerDispatcher.php(54): Illuminate\Routing\ControllerDispatcher->callWithinStack(Object(App\Http\Controllers\AuthController), Object(Illuminate\Routing\Route), Object(Illuminate\Http\Request), 'facebook')
#24 D:\wamp\www\learn\2015\angularjs\angularcode.com\auth-satellizer\server\vendor\laravel\framework\src\Illuminate\Routing\Route.php(174): Illuminate\Routing\ControllerDispatcher->dispatch(Object(Illuminate\Routing\Route), Object(Illuminate\Http\Request), 'App\\Http\\Contro...', 'facebook')
#25 D:\wamp\www\learn\2015\angularjs\angularcode.com\auth-satellizer\server\vendor\laravel\framework\src\Illuminate\Routing\Route.php(140): Illuminate\Routing\Route->runController(Object(Illuminate\Http\Request))
#26 D:\wamp\www\learn\2015\angularjs\angularcode.com\auth-satellizer\server\vendor\laravel\framework\src\Illuminate\Routing\Router.php(703): Illuminate\Routing\Route->run(Object(Illuminate\Http\Request))
#27 [internal function]: Illuminate\Routing\Router->Illuminate\Routing\{closure}(Object(Illuminate\Http\Request))
#28 D:\wamp\www\learn\2015\angularjs\angularcode.com\auth-satellizer\server\vendor\laravel\framework\src\Illuminate\Pipeline\Pipeline.php(139): call_user_func(Object(Closure), Object(Illuminate\Http\Request))
#29 [internal function]: Illuminate\Pipeline\Pipeline->Illuminate\Pipeline\{closure}(Object(Illuminate\Http\Request))
#30 D:\wamp\www\learn\2015\angularjs\angularcode.com\auth-satellizer\server\vendor\laravel\framework\src\Illuminate\Pipeline\Pipeline.php(103): call_user_func(Object(Closure), Object(Illuminate\Http\Request))
#31 D:\wamp\www\learn\2015\angularjs\angularcode.com\auth-satellizer\server\vendor\laravel\framework\src\Illuminate\Routing\Router.php(705): Illuminate\Pipeline\Pipeline->then(Object(Closure))
#32 D:\wamp\www\learn\2015\angularjs\angularcode.com\auth-satellizer\server\vendor\laravel\framework\src\Illuminate\Routing\Router.php(678): Illuminate\Routing\Router->runRouteWithinStack(Object(Illuminate\Routing\Route), Object(Illuminate\Http\Request))
#33 D:\wamp\www\learn\2015\angularjs\angularcode.com\auth-satellizer\server\vendor\laravel\framework\src\Illuminate\Routing\Router.php(654): Illuminate\Routing\Router->dispatchToRoute(Object(Illuminate\Http\Request))
#34 D:\wamp\www\learn\2015\angularjs\angularcode.com\auth-satellizer\server\vendor\laravel\framework\src\Illuminate\Foundation\Http\Kernel.php(246): Illuminate\Routing\Router->dispatch(Object(Illuminate\Http\Request))
#35 [internal function]: Illuminate\Foundation\Http\Kernel->Illuminate\Foundation\Http\{closure}(Object(Illuminate\Http\Request))
#36 D:\wamp\www\learn\2015\angularjs\angularcode.com\auth-satellizer\server\vendor\laravel\framework\src\Illuminate\Pipeline\Pipeline.php(139): call_user_func(Object(Closure), Object(Illuminate\Http\Request))
#37 D:\wamp\www\learn\2015\angularjs\angularcode.com\auth-satellizer\server\vendor\laravel\framework\src\Illuminate\View\Middleware\ShareErrorsFromSession.php(49): Illuminate\Pipeline\Pipeline->Illuminate\Pipeline\{closure}(Object(Illuminate\Http\Request))
#38 [internal function]: Illuminate\View\Middleware\ShareErrorsFromSession->handle(Object(Illuminate\Http\Request), Object(Closure))
#39 D:\wamp\www\learn\2015\angularjs\angularcode.com\auth-satellizer\server\vendor\laravel\framework\src\Illuminate\Pipeline\Pipeline.php(124): call_user_func_array(Array, Array)
#40 D:\wamp\www\learn\2015\angularjs\angularcode.com\auth-satellizer\server\vendor\laravel\framework\src\Illuminate\Session\Middleware\StartSession.php(62): Illuminate\Pipeline\Pipeline->Illuminate\Pipeline\{closure}(Object(Illuminate\Http\Request))
#41 [internal function]: Illuminate\Session\Middleware\StartSession->handle(Object(Illuminate\Http\Request), Object(Closure))
#42 D:\wamp\www\learn\2015\angularjs\angularcode.com\auth-satellizer\server\vendor\laravel\framework\src\Illuminate\Pipeline\Pipeline.php(124): call_user_func_array(Array, Array)
#43 D:\wamp\www\learn\2015\angularjs\angularcode.com\auth-satellizer\server\vendor\laravel\framework\src\Illuminate\Cookie\Middleware\AddQueuedCookiesToResponse.php(37): Illuminate\Pipeline\Pipeline->Illuminate\Pipeline\{closure}(Object(Illuminate\Http\Request))
#44 [internal function]: Illuminate\Cookie\Middleware\AddQueuedCookiesToResponse->handle(Object(Illuminate\Http\Request), Object(Closure))
#45 D:\wamp\www\learn\2015\angularjs\angularcode.com\auth-satellizer\server\vendor\laravel\framework\src\Illuminate\Pipeline\Pipeline.php(124): call_user_func_array(Array, Array)
#46 D:\wamp\www\learn\2015\angularjs\angularcode.com\auth-satellizer\server\vendor\laravel\framework\src\Illuminate\Cookie\Middleware\EncryptCookies.php(59): Illuminate\Pipeline\Pipeline->Illuminate\Pipeline\{closure}(Object(Illuminate\Http\Request))
#47 [internal function]: Illuminate\Cookie\Middleware\EncryptCookies->handle(Object(Illuminate\Http\Request), Object(Closure))
#48 D:\wamp\www\learn\2015\angularjs\angularcode.com\auth-satellizer\server\vendor\laravel\framework\src\Illuminate\Pipeline\Pipeline.php(124): call_user_func_array(Array, Array)
#49 D:\wamp\www\learn\2015\angularjs\angularcode.com\auth-satellizer\server\vendor\laravel\framework\src\Illuminate\Foundation\Http\Middleware\CheckForMaintenanceMode.php(44): Illuminate\Pipeline\Pipeline->Illuminate\Pipeline\{closure}(Object(Illuminate\Http\Request))
#50 [internal function]: Illuminate\Foundation\Http\Middleware\CheckForMaintenanceMode->handle(Object(Illuminate\Http\Request), Object(Closure))
#51 D:\wamp\www\learn\2015\angularjs\angularcode.com\auth-satellizer\server\vendor\laravel\framework\src\Illuminate\Pipeline\Pipeline.php(124): call_user_func_array(Array, Array)
#52 [internal function]: Illuminate\Pipeline\Pipeline->Illuminate\Pipeline\{closure}(Object(Illuminate\Http\Request))
#53 D:\wamp\www\learn\2015\angularjs\angularcode.com\auth-satellizer\server\vendor\laravel\framework\src\Illuminate\Pipeline\Pipeline.php(103): call_user_func(Object(Closure), Object(Illuminate\Http\Request))
#54 D:\wamp\www\learn\2015\angularjs\angularcode.com\auth-satellizer\server\vendor\laravel\framework\src\Illuminate\Foundation\Http\Kernel.php(132): Illuminate\Pipeline\Pipeline->then(Object(Closure))
#55 D:\wamp\www\learn\2015\angularjs\angularcode.com\auth-satellizer\server\vendor\laravel\framework\src\Illuminate\Foundation\Http\Kernel.php(99): Illuminate\Foundation\Http\Kernel->sendRequestThroughRouter(Object(Illuminate\Http\Request))
#56 D:\wamp\www\learn\2015\angularjs\angularcode.com\auth-satellizer\server\public\index.php(53): Illuminate\Foundation\Http\Kernel->handle(Object(Illuminate\Http\Request))
#57 D:\wamp\www\learn\2015\angularjs\angularcode.com\auth-satellizer\server\server.php(21): require_once('D:\\wamp\\www\\lea...')
#58 {main}  
[2016-01-03 04:50:06] development.ERROR: exception 'GuzzleHttp\Exception\RequestException' with message 'cURL error 60: SSL certificate problem: unable to get local issuer certificate (see http://curl.haxx.se/libcurl/c/libcurl-errors.html)' in D:\wamp\www\learn\2015\angularjs\angularcode.com\auth-satellizer\server\vendor\guzzlehttp\guzzle\src\Handler\CurlFactory.php:187
Stack trace:
#0 D:\wamp\www\learn\2015\angularjs\angularcode.com\auth-satellizer\server\vendor\guzzlehttp\guzzle\src\Handler\CurlFactory.php(150): GuzzleHttp\Handler\CurlFactory::createRejection(Object(GuzzleHttp\Handler\EasyHandle), Array)
#1 D:\wamp\www\learn\2015\angularjs\angularcode.com\auth-satellizer\server\vendor\guzzlehttp\guzzle\src\Handler\CurlFactory.php(103): GuzzleHttp\Handler\CurlFactory::finishError(Object(GuzzleHttp\Handler\CurlHandler), Object(GuzzleHttp\Handler\EasyHandle), Object(GuzzleHttp\Handler\CurlFactory))
#2 D:\wamp\www\learn\2015\angularjs\angularcode.com\auth-satellizer\server\vendor\guzzlehttp\guzzle\src\Handler\CurlHandler.php(43): GuzzleHttp\Handler\CurlFactory::finish(Object(GuzzleHttp\Handler\CurlHandler), Object(GuzzleHttp\Handler\EasyHandle), Object(GuzzleHttp\Handler\CurlFactory))
#3 D:\wamp\www\learn\2015\angularjs\angularcode.com\auth-satellizer\server\vendor\guzzlehttp\guzzle\src\Handler\Proxy.php(28): GuzzleHttp\Handler\CurlHandler->__invoke(Object(GuzzleHttp\Psr7\Request), Array)
#4 D:\wamp\www\learn\2015\angularjs\angularcode.com\auth-satellizer\server\vendor\guzzlehttp\guzzle\src\Handler\Proxy.php(51): GuzzleHttp\Handler\Proxy::GuzzleHttp\Handler\{closure}(Object(GuzzleHttp\Psr7\Request), Array)
#5 D:\wamp\www\learn\2015\angularjs\angularcode.com\auth-satellizer\server\vendor\guzzlehttp\guzzle\src\PrepareBodyMiddleware.php(42): GuzzleHttp\Handler\Proxy::GuzzleHttp\Handler\{closure}(Object(GuzzleHttp\Psr7\Request), Array)
#6 D:\wamp\www\learn\2015\angularjs\angularcode.com\auth-satellizer\server\vendor\guzzlehttp\guzzle\src\Middleware.php(30): GuzzleHttp\PrepareBodyMiddleware->__invoke(Object(GuzzleHttp\Psr7\Request), Array)
#7 D:\wamp\www\learn\2015\angularjs\angularcode.com\auth-satellizer\server\vendor\guzzlehttp\guzzle\src\RedirectMiddleware.php(68): GuzzleHttp\Middleware::GuzzleHttp\{closure}(Object(GuzzleHttp\Psr7\Request), Array)
#8 D:\wamp\www\learn\2015\angularjs\angularcode.com\auth-satellizer\server\vendor\guzzlehttp\guzzle\src\Middleware.php(59): GuzzleHttp\RedirectMiddleware->__invoke(Object(GuzzleHttp\Psr7\Request), Array)
#9 D:\wamp\www\learn\2015\angularjs\angularcode.com\auth-satellizer\server\vendor\guzzlehttp\guzzle\src\HandlerStack.php(67): GuzzleHttp\Middleware::GuzzleHttp\{closure}(Object(GuzzleHttp\Psr7\Request), Array)
#10 D:\wamp\www\learn\2015\angularjs\angularcode.com\auth-satellizer\server\vendor\guzzlehttp\guzzle\src\Client.php(268): GuzzleHttp\HandlerStack->__invoke(Object(GuzzleHttp\Psr7\Request), Array)
#11 D:\wamp\www\learn\2015\angularjs\angularcode.com\auth-satellizer\server\vendor\guzzlehttp\guzzle\src\Client.php(123): GuzzleHttp\Client->transfer(Object(GuzzleHttp\Psr7\Request), Array)
#12 D:\wamp\www\learn\2015\angularjs\angularcode.com\auth-satellizer\server\vendor\guzzlehttp\guzzle\src\Client.php(129): GuzzleHttp\Client->requestAsync('GET', 'https://graph.f...', Array)
#13 D:\wamp\www\learn\2015\angularjs\angularcode.com\auth-satellizer\server\app\Http\Controllers\AuthController.php(114): GuzzleHttp\Client->request('GET', 'https://graph.f...', Array)
#14 [internal function]: App\Http\Controllers\AuthController->facebook(Object(Illuminate\Http\Request))
#15 D:\wamp\www\learn\2015\angularjs\angularcode.com\auth-satellizer\server\vendor\laravel\framework\src\Illuminate\Routing\Controller.php(76): call_user_func_array(Array, Array)
#16 D:\wamp\www\learn\2015\angularjs\angularcode.com\auth-satellizer\server\vendor\laravel\framework\src\Illuminate\Routing\ControllerDispatcher.php(146): Illuminate\Routing\Controller->callAction('facebook', Array)
#17 D:\wamp\www\learn\2015\angularjs\angularcode.com\auth-satellizer\server\vendor\laravel\framework\src\Illuminate\Routing\ControllerDispatcher.php(94): Illuminate\Routing\ControllerDispatcher->call(Object(App\Http\Controllers\AuthController), Object(Illuminate\Routing\Route), 'facebook')
#18 [internal function]: Illuminate\Routing\ControllerDispatcher->Illuminate\Routing\{closure}(Object(Illuminate\Http\Request))
#19 D:\wamp\www\learn\2015\angularjs\angularcode.com\auth-satellizer\server\vendor\laravel\framework\src\Illuminate\Pipeline\Pipeline.php(139): call_user_func(Object(Closure), Object(Illuminate\Http\Request))
#20 [internal function]: Illuminate\Pipeline\Pipeline->Illuminate\Pipeline\{closure}(Object(Illuminate\Http\Request))
#21 D:\wamp\www\learn\2015\angularjs\angularcode.com\auth-satellizer\server\vendor\laravel\framework\src\Illuminate\Pipeline\Pipeline.php(103): call_user_func(Object(Closure), Object(Illuminate\Http\Request))
#22 D:\wamp\www\learn\2015\angularjs\angularcode.com\auth-satellizer\server\vendor\laravel\framework\src\Illuminate\Routing\ControllerDispatcher.php(96): Illuminate\Pipeline\Pipeline->then(Object(Closure))
#23 D:\wamp\www\learn\2015\angularjs\angularcode.com\auth-satellizer\server\vendor\laravel\framework\src\Illuminate\Routing\ControllerDispatcher.php(54): Illuminate\Routing\ControllerDispatcher->callWithinStack(Object(App\Http\Controllers\AuthController), Object(Illuminate\Routing\Route), Object(Illuminate\Http\Request), 'facebook')
#24 D:\wamp\www\learn\2015\angularjs\angularcode.com\auth-satellizer\server\vendor\laravel\framework\src\Illuminate\Routing\Route.php(174): Illuminate\Routing\ControllerDispatcher->dispatch(Object(Illuminate\Routing\Route), Object(Illuminate\Http\Request), 'App\\Http\\Contro...', 'facebook')
#25 D:\wamp\www\learn\2015\angularjs\angularcode.com\auth-satellizer\server\vendor\laravel\framework\src\Illuminate\Routing\Route.php(140): Illuminate\Routing\Route->runController(Object(Illuminate\Http\Request))
#26 D:\wamp\www\learn\2015\angularjs\angularcode.com\auth-satellizer\server\vendor\laravel\framework\src\Illuminate\Routing\Router.php(703): Illuminate\Routing\Route->run(Object(Illuminate\Http\Request))
#27 [internal function]: Illuminate\Routing\Router->Illuminate\Routing\{closure}(Object(Illuminate\Http\Request))
#28 D:\wamp\www\learn\2015\angularjs\angularcode.com\auth-satellizer\server\vendor\laravel\framework\src\Illuminate\Pipeline\Pipeline.php(139): call_user_func(Object(Closure), Object(Illuminate\Http\Request))
#29 [internal function]: Illuminate\Pipeline\Pipeline->Illuminate\Pipeline\{closure}(Object(Illuminate\Http\Request))
#30 D:\wamp\www\learn\2015\angularjs\angularcode.com\auth-satellizer\server\vendor\laravel\framework\src\Illuminate\Pipeline\Pipeline.php(103): call_user_func(Object(Closure), Object(Illuminate\Http\Request))
#31 D:\wamp\www\learn\2015\angularjs\angularcode.com\auth-satellizer\server\vendor\laravel\framework\src\Illuminate\Routing\Router.php(705): Illuminate\Pipeline\Pipeline->then(Object(Closure))
#32 D:\wamp\www\learn\2015\angularjs\angularcode.com\auth-satellizer\server\vendor\laravel\framework\src\Illuminate\Routing\Router.php(678): Illuminate\Routing\Router->runRouteWithinStack(Object(Illuminate\Routing\Route), Object(Illuminate\Http\Request))
#33 D:\wamp\www\learn\2015\angularjs\angularcode.com\auth-satellizer\server\vendor\laravel\framework\src\Illuminate\Routing\Router.php(654): Illuminate\Routing\Router->dispatchToRoute(Object(Illuminate\Http\Request))
#34 D:\wamp\www\learn\2015\angularjs\angularcode.com\auth-satellizer\server\vendor\laravel\framework\src\Illuminate\Foundation\Http\Kernel.php(246): Illuminate\Routing\Router->dispatch(Object(Illuminate\Http\Request))
#35 [internal function]: Illuminate\Foundation\Http\Kernel->Illuminate\Foundation\Http\{closure}(Object(Illuminate\Http\Request))
#36 D:\wamp\www\learn\2015\angularjs\angularcode.com\auth-satellizer\server\vendor\laravel\framework\src\Illuminate\Pipeline\Pipeline.php(139): call_user_func(Object(Closure), Object(Illuminate\Http\Request))
#37 D:\wamp\www\learn\2015\angularjs\angularcode.com\auth-satellizer\server\vendor\laravel\framework\src\Illuminate\View\Middleware\ShareErrorsFromSession.php(49): Illuminate\Pipeline\Pipeline->Illuminate\Pipeline\{closure}(Object(Illuminate\Http\Request))
#38 [internal function]: Illuminate\View\Middleware\ShareErrorsFromSession->handle(Object(Illuminate\Http\Request), Object(Closure))
#39 D:\wamp\www\learn\2015\angularjs\angularcode.com\auth-satellizer\server\vendor\laravel\framework\src\Illuminate\Pipeline\Pipeline.php(124): call_user_func_array(Array, Array)
#40 D:\wamp\www\learn\2015\angularjs\angularcode.com\auth-satellizer\server\vendor\laravel\framework\src\Illuminate\Session\Middleware\StartSession.php(62): Illuminate\Pipeline\Pipeline->Illuminate\Pipeline\{closure}(Object(Illuminate\Http\Request))
#41 [internal function]: Illuminate\Session\Middleware\StartSession->handle(Object(Illuminate\Http\Request), Object(Closure))
#42 D:\wamp\www\learn\2015\angularjs\angularcode.com\auth-satellizer\server\vendor\laravel\framework\src\Illuminate\Pipeline\Pipeline.php(124): call_user_func_array(Array, Array)
#43 D:\wamp\www\learn\2015\angularjs\angularcode.com\auth-satellizer\server\vendor\laravel\framework\src\Illuminate\Cookie\Middleware\AddQueuedCookiesToResponse.php(37): Illuminate\Pipeline\Pipeline->Illuminate\Pipeline\{closure}(Object(Illuminate\Http\Request))
#44 [internal function]: Illuminate\Cookie\Middleware\AddQueuedCookiesToResponse->handle(Object(Illuminate\Http\Request), Object(Closure))
#45 D:\wamp\www\learn\2015\angularjs\angularcode.com\auth-satellizer\server\vendor\laravel\framework\src\Illuminate\Pipeline\Pipeline.php(124): call_user_func_array(Array, Array)
#46 D:\wamp\www\learn\2015\angularjs\angularcode.com\auth-satellizer\server\vendor\laravel\framework\src\Illuminate\Cookie\Middleware\EncryptCookies.php(59): Illuminate\Pipeline\Pipeline->Illuminate\Pipeline\{closure}(Object(Illuminate\Http\Request))
#47 [internal function]: Illuminate\Cookie\Middleware\EncryptCookies->handle(Object(Illuminate\Http\Request), Object(Closure))
#48 D:\wamp\www\learn\2015\angularjs\angularcode.com\auth-satellizer\server\vendor\laravel\framework\src\Illuminate\Pipeline\Pipeline.php(124): call_user_func_array(Array, Array)
#49 D:\wamp\www\learn\2015\angularjs\angularcode.com\auth-satellizer\server\vendor\laravel\framework\src\Illuminate\Foundation\Http\Middleware\CheckForMaintenanceMode.php(44): Illuminate\Pipeline\Pipeline->Illuminate\Pipeline\{closure}(Object(Illuminate\Http\Request))
#50 [internal function]: Illuminate\Foundation\Http\Middleware\CheckForMaintenanceMode->handle(Object(Illuminate\Http\Request), Object(Closure))
#51 D:\wamp\www\learn\2015\angularjs\angularcode.com\auth-satellizer\server\vendor\laravel\framework\src\Illuminate\Pipeline\Pipeline.php(124): call_user_func_array(Array, Array)
#52 [internal function]: Illuminate\Pipeline\Pipeline->Illuminate\Pipeline\{closure}(Object(Illuminate\Http\Request))
#53 D:\wamp\www\learn\2015\angularjs\angularcode.com\auth-satellizer\server\vendor\laravel\framework\src\Illuminate\Pipeline\Pipeline.php(103): call_user_func(Object(Closure), Object(Illuminate\Http\Request))
#54 D:\wamp\www\learn\2015\angularjs\angularcode.com\auth-satellizer\server\vendor\laravel\framework\src\Illuminate\Foundation\Http\Kernel.php(132): Illuminate\Pipeline\Pipeline->then(Object(Closure))
#55 D:\wamp\www\learn\2015\angularjs\angularcode.com\auth-satellizer\server\vendor\laravel\framework\src\Illuminate\Foundation\Http\Kernel.php(99): Illuminate\Foundation\Http\Kernel->sendRequestThroughRouter(Object(Illuminate\Http\Request))
#56 D:\wamp\www\learn\2015\angularjs\angularcode.com\auth-satellizer\server\public\index.php(53): Illuminate\Foundation\Http\Kernel->handle(Object(Illuminate\Http\Request))
#57 D:\wamp\www\learn\2015\angularjs\angularcode.com\auth-satellizer\server\server.php(21): require_once('D:\\wamp\\www\\lea...')
#58 {main}  
[2016-01-03 04:54:12] development.ERROR: exception 'GuzzleHttp\Exception\RequestException' with message 'cURL error 60: SSL certificate problem: unable to get local issuer certificate (see http://curl.haxx.se/libcurl/c/libcurl-errors.html)' in D:\wamp\www\learn\2015\angularjs\angularcode.com\auth-satellizer\server\vendor\guzzlehttp\guzzle\src\Handler\CurlFactory.php:187
Stack trace:
#0 D:\wamp\www\learn\2015\angularjs\angularcode.com\auth-satellizer\server\vendor\guzzlehttp\guzzle\src\Handler\CurlFactory.php(150): GuzzleHttp\Handler\CurlFactory::createRejection(Object(GuzzleHttp\Handler\EasyHandle), Array)
#1 D:\wamp\www\learn\2015\angularjs\angularcode.com\auth-satellizer\server\vendor\guzzlehttp\guzzle\src\Handler\CurlFactory.php(103): GuzzleHttp\Handler\CurlFactory::finishError(Object(GuzzleHttp\Handler\CurlHandler), Object(GuzzleHttp\Handler\EasyHandle), Object(GuzzleHttp\Handler\CurlFactory))
#2 D:\wamp\www\learn\2015\angularjs\angularcode.com\auth-satellizer\server\vendor\guzzlehttp\guzzle\src\Handler\CurlHandler.php(43): GuzzleHttp\Handler\CurlFactory::finish(Object(GuzzleHttp\Handler\CurlHandler), Object(GuzzleHttp\Handler\EasyHandle), Object(GuzzleHttp\Handler\CurlFactory))
#3 D:\wamp\www\learn\2015\angularjs\angularcode.com\auth-satellizer\server\vendor\guzzlehttp\guzzle\src\Handler\Proxy.php(28): GuzzleHttp\Handler\CurlHandler->__invoke(Object(GuzzleHttp\Psr7\Request), Array)
#4 D:\wamp\www\learn\2015\angularjs\angularcode.com\auth-satellizer\server\vendor\guzzlehttp\guzzle\src\Handler\Proxy.php(51): GuzzleHttp\Handler\Proxy::GuzzleHttp\Handler\{closure}(Object(GuzzleHttp\Psr7\Request), Array)
#5 D:\wamp\www\learn\2015\angularjs\angularcode.com\auth-satellizer\server\vendor\guzzlehttp\guzzle\src\PrepareBodyMiddleware.php(42): GuzzleHttp\Handler\Proxy::GuzzleHttp\Handler\{closure}(Object(GuzzleHttp\Psr7\Request), Array)
#6 D:\wamp\www\learn\2015\angularjs\angularcode.com\auth-satellizer\server\vendor\guzzlehttp\guzzle\src\Middleware.php(30): GuzzleHttp\PrepareBodyMiddleware->__invoke(Object(GuzzleHttp\Psr7\Request), Array)
#7 D:\wamp\www\learn\2015\angularjs\angularcode.com\auth-satellizer\server\vendor\guzzlehttp\guzzle\src\RedirectMiddleware.php(68): GuzzleHttp\Middleware::GuzzleHttp\{closure}(Object(GuzzleHttp\Psr7\Request), Array)
#8 D:\wamp\www\learn\2015\angularjs\angularcode.com\auth-satellizer\server\vendor\guzzlehttp\guzzle\src\Middleware.php(59): GuzzleHttp\RedirectMiddleware->__invoke(Object(GuzzleHttp\Psr7\Request), Array)
#9 D:\wamp\www\learn\2015\angularjs\angularcode.com\auth-satellizer\server\vendor\guzzlehttp\guzzle\src\HandlerStack.php(67): GuzzleHttp\Middleware::GuzzleHttp\{closure}(Object(GuzzleHttp\Psr7\Request), Array)
#10 D:\wamp\www\learn\2015\angularjs\angularcode.com\auth-satellizer\server\vendor\guzzlehttp\guzzle\src\Client.php(268): GuzzleHttp\HandlerStack->__invoke(Object(GuzzleHttp\Psr7\Request), Array)
#11 D:\wamp\www\learn\2015\angularjs\angularcode.com\auth-satellizer\server\vendor\guzzlehttp\guzzle\src\Client.php(123): GuzzleHttp\Client->transfer(Object(GuzzleHttp\Psr7\Request), Array)
#12 D:\wamp\www\learn\2015\angularjs\angularcode.com\auth-satellizer\server\vendor\guzzlehttp\guzzle\src\Client.php(129): GuzzleHttp\Client->requestAsync('GET', 'https://graph.f...', Array)
#13 D:\wamp\www\learn\2015\angularjs\angularcode.com\auth-satellizer\server\app\Http\Controllers\AuthController.php(114): GuzzleHttp\Client->request('GET', 'https://graph.f...', Array)
#14 [internal function]: App\Http\Controllers\AuthController->facebook(Object(Illuminate\Http\Request))
#15 D:\wamp\www\learn\2015\angularjs\angularcode.com\auth-satellizer\server\vendor\laravel\framework\src\Illuminate\Routing\Controller.php(76): call_user_func_array(Array, Array)
#16 D:\wamp\www\learn\2015\angularjs\angularcode.com\auth-satellizer\server\vendor\laravel\framework\src\Illuminate\Routing\ControllerDispatcher.php(146): Illuminate\Routing\Controller->callAction('facebook', Array)
#17 D:\wamp\www\learn\2015\angularjs\angularcode.com\auth-satellizer\server\vendor\laravel\framework\src\Illuminate\Routing\ControllerDispatcher.php(94): Illuminate\Routing\ControllerDispatcher->call(Object(App\Http\Controllers\AuthController), Object(Illuminate\Routing\Route), 'facebook')
#18 [internal function]: Illuminate\Routing\ControllerDispatcher->Illuminate\Routing\{closure}(Object(Illuminate\Http\Request))
#19 D:\wamp\www\learn\2015\angularjs\angularcode.com\auth-satellizer\server\vendor\laravel\framework\src\Illuminate\Pipeline\Pipeline.php(139): call_user_func(Object(Closure), Object(Illuminate\Http\Request))
#20 [internal function]: Illuminate\Pipeline\Pipeline->Illuminate\Pipeline\{closure}(Object(Illuminate\Http\Request))
#21 D:\wamp\www\learn\2015\angularjs\angularcode.com\auth-satellizer\server\vendor\laravel\framework\src\Illuminate\Pipeline\Pipeline.php(103): call_user_func(Object(Closure), Object(Illuminate\Http\Request))
#22 D:\wamp\www\learn\2015\angularjs\angularcode.com\auth-satellizer\server\vendor\laravel\framework\src\Illuminate\Routing\ControllerDispatcher.php(96): Illuminate\Pipeline\Pipeline->then(Object(Closure))
#23 D:\wamp\www\learn\2015\angularjs\angularcode.com\auth-satellizer\server\vendor\laravel\framework\src\Illuminate\Routing\ControllerDispatcher.php(54): Illuminate\Routing\ControllerDispatcher->callWithinStack(Object(App\Http\Controllers\AuthController), Object(Illuminate\Routing\Route), Object(Illuminate\Http\Request), 'facebook')
#24 D:\wamp\www\learn\2015\angularjs\angularcode.com\auth-satellizer\server\vendor\laravel\framework\src\Illuminate\Routing\Route.php(174): Illuminate\Routing\ControllerDispatcher->dispatch(Object(Illuminate\Routing\Route), Object(Illuminate\Http\Request), 'App\\Http\\Contro...', 'facebook')
#25 D:\wamp\www\learn\2015\angularjs\angularcode.com\auth-satellizer\server\vendor\laravel\framework\src\Illuminate\Routing\Route.php(140): Illuminate\Routing\Route->runController(Object(Illuminate\Http\Request))
#26 D:\wamp\www\learn\2015\angularjs\angularcode.com\auth-satellizer\server\vendor\laravel\framework\src\Illuminate\Routing\Router.php(703): Illuminate\Routing\Route->run(Object(Illuminate\Http\Request))
#27 [internal function]: Illuminate\Routing\Router->Illuminate\Routing\{closure}(Object(Illuminate\Http\Request))
#28 D:\wamp\www\learn\2015\angularjs\angularcode.com\auth-satellizer\server\vendor\laravel\framework\src\Illuminate\Pipeline\Pipeline.php(139): call_user_func(Object(Closure), Object(Illuminate\Http\Request))
#29 [internal function]: Illuminate\Pipeline\Pipeline->Illuminate\Pipeline\{closure}(Object(Illuminate\Http\Request))
#30 D:\wamp\www\learn\2015\angularjs\angularcode.com\auth-satellizer\server\vendor\laravel\framework\src\Illuminate\Pipeline\Pipeline.php(103): call_user_func(Object(Closure), Object(Illuminate\Http\Request))
#31 D:\wamp\www\learn\2015\angularjs\angularcode.com\auth-satellizer\server\vendor\laravel\framework\src\Illuminate\Routing\Router.php(705): Illuminate\Pipeline\Pipeline->then(Object(Closure))
#32 D:\wamp\www\learn\2015\angularjs\angularcode.com\auth-satellizer\server\vendor\laravel\framework\src\Illuminate\Routing\Router.php(678): Illuminate\Routing\Router->runRouteWithinStack(Object(Illuminate\Routing\Route), Object(Illuminate\Http\Request))
#33 D:\wamp\www\learn\2015\angularjs\angularcode.com\auth-satellizer\server\vendor\laravel\framework\src\Illuminate\Routing\Router.php(654): Illuminate\Routing\Router->dispatchToRoute(Object(Illuminate\Http\Request))
#34 D:\wamp\www\learn\2015\angularjs\angularcode.com\auth-satellizer\server\vendor\laravel\framework\src\Illuminate\Foundation\Http\Kernel.php(246): Illuminate\Routing\Router->dispatch(Object(Illuminate\Http\Request))
#35 [internal function]: Illuminate\Foundation\Http\Kernel->Illuminate\Foundation\Http\{closure}(Object(Illuminate\Http\Request))
#36 D:\wamp\www\learn\2015\angularjs\angularcode.com\auth-satellizer\server\vendor\laravel\framework\src\Illuminate\Pipeline\Pipeline.php(139): call_user_func(Object(Closure), Object(Illuminate\Http\Request))
#37 D:\wamp\www\learn\2015\angularjs\angularcode.com\auth-satellizer\server\vendor\laravel\framework\src\Illuminate\View\Middleware\ShareErrorsFromSession.php(49): Illuminate\Pipeline\Pipeline->Illuminate\Pipeline\{closure}(Object(Illuminate\Http\Request))
#38 [internal function]: Illuminate\View\Middleware\ShareErrorsFromSession->handle(Object(Illuminate\Http\Request), Object(Closure))
#39 D:\wamp\www\learn\2015\angularjs\angularcode.com\auth-satellizer\server\vendor\laravel\framework\src\Illuminate\Pipeline\Pipeline.php(124): call_user_func_array(Array, Array)
#40 D:\wamp\www\learn\2015\angularjs\angularcode.com\auth-satellizer\server\vendor\laravel\framework\src\Illuminate\Session\Middleware\StartSession.php(62): Illuminate\Pipeline\Pipeline->Illuminate\Pipeline\{closure}(Object(Illuminate\Http\Request))
#41 [internal function]: Illuminate\Session\Middleware\StartSession->handle(Object(Illuminate\Http\Request), Object(Closure))
#42 D:\wamp\www\learn\2015\angularjs\angularcode.com\auth-satellizer\server\vendor\laravel\framework\src\Illuminate\Pipeline\Pipeline.php(124): call_user_func_array(Array, Array)
#43 D:\wamp\www\learn\2015\angularjs\angularcode.com\auth-satellizer\server\vendor\laravel\framework\src\Illuminate\Cookie\Middleware\AddQueuedCookiesToResponse.php(37): Illuminate\Pipeline\Pipeline->Illuminate\Pipeline\{closure}(Object(Illuminate\Http\Request))
#44 [internal function]: Illuminate\Cookie\Middleware\AddQueuedCookiesToResponse->handle(Object(Illuminate\Http\Request), Object(Closure))
#45 D:\wamp\www\learn\2015\angularjs\angularcode.com\auth-satellizer\server\vendor\laravel\framework\src\Illuminate\Pipeline\Pipeline.php(124): call_user_func_array(Array, Array)
#46 D:\wamp\www\learn\2015\angularjs\angularcode.com\auth-satellizer\server\vendor\laravel\framework\src\Illuminate\Cookie\Middleware\EncryptCookies.php(59): Illuminate\Pipeline\Pipeline->Illuminate\Pipeline\{closure}(Object(Illuminate\Http\Request))
#47 [internal function]: Illuminate\Cookie\Middleware\EncryptCookies->handle(Object(Illuminate\Http\Request), Object(Closure))
#48 D:\wamp\www\learn\2015\angularjs\angularcode.com\auth-satellizer\server\vendor\laravel\framework\src\Illuminate\Pipeline\Pipeline.php(124): call_user_func_array(Array, Array)
#49 D:\wamp\www\learn\2015\angularjs\angularcode.com\auth-satellizer\server\vendor\laravel\framework\src\Illuminate\Foundation\Http\Middleware\CheckForMaintenanceMode.php(44): Illuminate\Pipeline\Pipeline->Illuminate\Pipeline\{closure}(Object(Illuminate\Http\Request))
#50 [internal function]: Illuminate\Foundation\Http\Middleware\CheckForMaintenanceMode->handle(Object(Illuminate\Http\Request), Object(Closure))
#51 D:\wamp\www\learn\2015\angularjs\angularcode.com\auth-satellizer\server\vendor\laravel\framework\src\Illuminate\Pipeline\Pipeline.php(124): call_user_func_array(Array, Array)
#52 [internal function]: Illuminate\Pipeline\Pipeline->Illuminate\Pipeline\{closure}(Object(Illuminate\Http\Request))
#53 D:\wamp\www\learn\2015\angularjs\angularcode.com\auth-satellizer\server\vendor\laravel\framework\src\Illuminate\Pipeline\Pipeline.php(103): call_user_func(Object(Closure), Object(Illuminate\Http\Request))
#54 D:\wamp\www\learn\2015\angularjs\angularcode.com\auth-satellizer\server\vendor\laravel\framework\src\Illuminate\Foundation\Http\Kernel.php(132): Illuminate\Pipeline\Pipeline->then(Object(Closure))
#55 D:\wamp\www\learn\2015\angularjs\angularcode.com\auth-satellizer\server\vendor\laravel\framework\src\Illuminate\Foundation\Http\Kernel.php(99): Illuminate\Foundation\Http\Kernel->sendRequestThroughRouter(Object(Illuminate\Http\Request))
#56 D:\wamp\www\learn\2015\angularjs\angularcode.com\auth-satellizer\server\public\index.php(53): Illuminate\Foundation\Http\Kernel->handle(Object(Illuminate\Http\Request))
#57 D:\wamp\www\learn\2015\angularjs\angularcode.com\auth-satellizer\server\server.php(21): require_once('D:\\wamp\\www\\lea...')
#58 {main}  
[2016-01-03 04:58:00] development.ERROR: exception 'GuzzleHttp\Exception\ClientException' with message 'Client error: `GET https://graph.facebook.com/v2.5/oauth/access_token?code=AQBzLMrKCYNGupC-VuiBg-Wgl-eTw0kFZvUzMtiIZqpaMYZIZQxycdqlzdTX8Bd7vmQ_kaO2or3dX-e2Wpma4-p4jBK7hPFXEKGSXuycSlnfB55Ps0SnlTFRXV-IEz4e34gFlwSiwj2ODsOgbWRtXkP2FMQIyosQM1I1oYzcEV_2XspBjsdGpu3K4R24lw3cQ25d5edq_PQXrm5TRel3P5_2WsT12JWijxTFpAOUWPd0xXG9oJxCBfs5PVJtkuoOVd-B-FPVx0EmK4JS8niB-foTJ3g6970Drg_4pQK7IfXa92x2qgLlqAPV37DAyd-Y9yNlqp8M4BlFhSK0hUcJAPGo&client_id=506694882836918&redirect_uri=http%3A%2F%2Flocalhost%3A8000%2F&client_secret=` resulted in a `400 Bad Request` response:
{"error":{"message":"Error validating client secret.","type":"OAuthException","code":1,"fbtrace_id":"Hvz9xVgTBXp"}}
' in D:\wamp\www\learn\2015\angularjs\angularcode.com\auth-satellizer\server\vendor\guzzlehttp\guzzle\src\Exception\RequestException.php:107
Stack trace:
#0 D:\wamp\www\learn\2015\angularjs\angularcode.com\auth-satellizer\server\vendor\guzzlehttp\guzzle\src\Middleware.php(65): GuzzleHttp\Exception\RequestException::create(Object(GuzzleHttp\Psr7\Request), Object(GuzzleHttp\Psr7\Response))
#1 D:\wamp\www\learn\2015\angularjs\angularcode.com\auth-satellizer\server\vendor\guzzlehttp\promises\src\Promise.php(199): GuzzleHttp\Middleware::GuzzleHttp\{closure}(Object(GuzzleHttp\Psr7\Response))
#2 D:\wamp\www\learn\2015\angularjs\angularcode.com\auth-satellizer\server\vendor\guzzlehttp\promises\src\Promise.php(152): GuzzleHttp\Promise\Promise::callHandler(1, Object(GuzzleHttp\Psr7\Response), Array)
#3 D:\wamp\www\learn\2015\angularjs\angularcode.com\auth-satellizer\server\vendor\guzzlehttp\promises\src\TaskQueue.php(60): GuzzleHttp\Promise\Promise::GuzzleHttp\Promise\{closure}()
#4 D:\wamp\www\learn\2015\angularjs\angularcode.com\auth-satellizer\server\vendor\guzzlehttp\promises\src\Promise.php(240): GuzzleHttp\Promise\TaskQueue->run(true)
#5 D:\wamp\www\learn\2015\angularjs\angularcode.com\auth-satellizer\server\vendor\guzzlehttp\promises\src\Promise.php(217): GuzzleHttp\Promise\Promise->invokeWaitFn()
#6 D:\wamp\www\learn\2015\angularjs\angularcode.com\auth-satellizer\server\vendor\guzzlehttp\promises\src\Promise.php(261): GuzzleHttp\Promise\Promise->waitIfPending()
#7 D:\wamp\www\learn\2015\angularjs\angularcode.com\auth-satellizer\server\vendor\guzzlehttp\promises\src\Promise.php(219): GuzzleHttp\Promise\Promise->invokeWaitList()
#8 D:\wamp\www\learn\2015\angularjs\angularcode.com\auth-satellizer\server\vendor\guzzlehttp\promises\src\Promise.php(62): GuzzleHttp\Promise\Promise->waitIfPending()
#9 D:\wamp\www\learn\2015\angularjs\angularcode.com\auth-satellizer\server\vendor\guzzlehttp\guzzle\src\Client.php(129): GuzzleHttp\Promise\Promise->wait()
#10 D:\wamp\www\learn\2015\angularjs\angularcode.com\auth-satellizer\server\app\Http\Controllers\AuthController.php(114): GuzzleHttp\Client->request('GET', 'https://graph.f...', Array)
#11 [internal function]: App\Http\Controllers\AuthController->facebook(Object(Illuminate\Http\Request))
#12 D:\wamp\www\learn\2015\angularjs\angularcode.com\auth-satellizer\server\vendor\laravel\framework\src\Illuminate\Routing\Controller.php(76): call_user_func_array(Array, Array)
#13 D:\wamp\www\learn\2015\angularjs\angularcode.com\auth-satellizer\server\vendor\laravel\framework\src\Illuminate\Routing\ControllerDispatcher.php(146): Illuminate\Routing\Controller->callAction('facebook', Array)
#14 D:\wamp\www\learn\2015\angularjs\angularcode.com\auth-satellizer\server\vendor\laravel\framework\src\Illuminate\Routing\ControllerDispatcher.php(94): Illuminate\Routing\ControllerDispatcher->call(Object(App\Http\Controllers\AuthController), Object(Illuminate\Routing\Route), 'facebook')
#15 [internal function]: Illuminate\Routing\ControllerDispatcher->Illuminate\Routing\{closure}(Object(Illuminate\Http\Request))
#16 D:\wamp\www\learn\2015\angularjs\angularcode.com\auth-satellizer\server\vendor\laravel\framework\src\Illuminate\Pipeline\Pipeline.php(139): call_user_func(Object(Closure), Object(Illuminate\Http\Request))
#17 [internal function]: Illuminate\Pipeline\Pipeline->Illuminate\Pipeline\{closure}(Object(Illuminate\Http\Request))
#18 D:\wamp\www\learn\2015\angularjs\angularcode.com\auth-satellizer\server\vendor\laravel\framework\src\Illuminate\Pipeline\Pipeline.php(103): call_user_func(Object(Closure), Object(Illuminate\Http\Request))
#19 D:\wamp\www\learn\2015\angularjs\angularcode.com\auth-satellizer\server\vendor\laravel\framework\src\Illuminate\Routing\ControllerDispatcher.php(96): Illuminate\Pipeline\Pipeline->then(Object(Closure))
#20 D:\wamp\www\learn\2015\angularjs\angularcode.com\auth-satellizer\server\vendor\laravel\framework\src\Illuminate\Routing\ControllerDispatcher.php(54): Illuminate\Routing\ControllerDispatcher->callWithinStack(Object(App\Http\Controllers\AuthController), Object(Illuminate\Routing\Route), Object(Illuminate\Http\Request), 'facebook')
#21 D:\wamp\www\learn\2015\angularjs\angularcode.com\auth-satellizer\server\vendor\laravel\framework\src\Illuminate\Routing\Route.php(174): Illuminate\Routing\ControllerDispatcher->dispatch(Object(Illuminate\Routing\Route), Object(Illuminate\Http\Request), 'App\\Http\\Contro...', 'facebook')
#22 D:\wamp\www\learn\2015\angularjs\angularcode.com\auth-satellizer\server\vendor\laravel\framework\src\Illuminate\Routing\Route.php(140): Illuminate\Routing\Route->runController(Object(Illuminate\Http\Request))
#23 D:\wamp\www\learn\2015\angularjs\angularcode.com\auth-satellizer\server\vendor\laravel\framework\src\Illuminate\Routing\Router.php(703): Illuminate\Routing\Route->run(Object(Illuminate\Http\Request))
#24 [internal function]: Illuminate\Routing\Router->Illuminate\Routing\{closure}(Object(Illuminate\Http\Request))
#25 D:\wamp\www\learn\2015\angularjs\angularcode.com\auth-satellizer\server\vendor\laravel\framework\src\Illuminate\Pipeline\Pipeline.php(139): call_user_func(Object(Closure), Object(Illuminate\Http\Request))
#26 [internal function]: Illuminate\Pipeline\Pipeline->Illuminate\Pipeline\{closure}(Object(Illuminate\Http\Request))
#27 D:\wamp\www\learn\2015\angularjs\angularcode.com\auth-satellizer\server\vendor\laravel\framework\src\Illuminate\Pipeline\Pipeline.php(103): call_user_func(Object(Closure), Object(Illuminate\Http\Request))
#28 D:\wamp\www\learn\2015\angularjs\angularcode.com\auth-satellizer\server\vendor\laravel\framework\src\Illuminate\Routing\Router.php(705): Illuminate\Pipeline\Pipeline->then(Object(Closure))
#29 D:\wamp\www\learn\2015\angularjs\angularcode.com\auth-satellizer\server\vendor\laravel\framework\src\Illuminate\Routing\Router.php(678): Illuminate\Routing\Router->runRouteWithinStack(Object(Illuminate\Routing\Route), Object(Illuminate\Http\Request))
#30 D:\wamp\www\learn\2015\angularjs\angularcode.com\auth-satellizer\server\vendor\laravel\framework\src\Illuminate\Routing\Router.php(654): Illuminate\Routing\Router->dispatchToRoute(Object(Illuminate\Http\Request))
#31 D:\wamp\www\learn\2015\angularjs\angularcode.com\auth-satellizer\server\vendor\laravel\framework\src\Illuminate\Foundation\Http\Kernel.php(246): Illuminate\Routing\Router->dispatch(Object(Illuminate\Http\Request))
#32 [internal function]: Illuminate\Foundation\Http\Kernel->Illuminate\Foundation\Http\{closure}(Object(Illuminate\Http\Request))
#33 D:\wamp\www\learn\2015\angularjs\angularcode.com\auth-satellizer\server\vendor\laravel\framework\src\Illuminate\Pipeline\Pipeline.php(139): call_user_func(Object(Closure), Object(Illuminate\Http\Request))
#34 D:\wamp\www\learn\2015\angularjs\angularcode.com\auth-satellizer\server\vendor\laravel\framework\src\Illuminate\View\Middleware\ShareErrorsFromSession.php(49): Illuminate\Pipeline\Pipeline->Illuminate\Pipeline\{closure}(Object(Illuminate\Http\Request))
#35 [internal function]: Illuminate\View\Middleware\ShareErrorsFromSession->handle(Object(Illuminate\Http\Request), Object(Closure))
#36 D:\wamp\www\learn\2015\angularjs\angularcode.com\auth-satellizer\server\vendor\laravel\framework\src\Illuminate\Pipeline\Pipeline.php(124): call_user_func_array(Array, Array)
#37 D:\wamp\www\learn\2015\angularjs\angularcode.com\auth-satellizer\server\vendor\laravel\framework\src\Illuminate\Session\Middleware\StartSession.php(62): Illuminate\Pipeline\Pipeline->Illuminate\Pipeline\{closure}(Object(Illuminate\Http\Request))
#38 [internal function]: Illuminate\Session\Middleware\StartSession->handle(Object(Illuminate\Http\Request), Object(Closure))
#39 D:\wamp\www\learn\2015\angularjs\angularcode.com\auth-satellizer\server\vendor\laravel\framework\src\Illuminate\Pipeline\Pipeline.php(124): call_user_func_array(Array, Array)
#40 D:\wamp\www\learn\2015\angularjs\angularcode.com\auth-satellizer\server\vendor\laravel\framework\src\Illuminate\Cookie\Middleware\AddQueuedCookiesToResponse.php(37): Illuminate\Pipeline\Pipeline->Illuminate\Pipeline\{closure}(Object(Illuminate\Http\Request))
#41 [internal function]: Illuminate\Cookie\Middleware\AddQueuedCookiesToResponse->handle(Object(Illuminate\Http\Request), Object(Closure))
#42 D:\wamp\www\learn\2015\angularjs\angularcode.com\auth-satellizer\server\vendor\laravel\framework\src\Illuminate\Pipeline\Pipeline.php(124): call_user_func_array(Array, Array)
#43 D:\wamp\www\learn\2015\angularjs\angularcode.com\auth-satellizer\server\vendor\laravel\framework\src\Illuminate\Cookie\Middleware\EncryptCookies.php(59): Illuminate\Pipeline\Pipeline->Illuminate\Pipeline\{closure}(Object(Illuminate\Http\Request))
#44 [internal function]: Illuminate\Cookie\Middleware\EncryptCookies->handle(Object(Illuminate\Http\Request), Object(Closure))
#45 D:\wamp\www\learn\2015\angularjs\angularcode.com\auth-satellizer\server\vendor\laravel\framework\src\Illuminate\Pipeline\Pipeline.php(124): call_user_func_array(Array, Array)
#46 D:\wamp\www\learn\2015\angularjs\angularcode.com\auth-satellizer\server\vendor\laravel\framework\src\Illuminate\Foundation\Http\Middleware\CheckForMaintenanceMode.php(44): Illuminate\Pipeline\Pipeline->Illuminate\Pipeline\{closure}(Object(Illuminate\Http\Request))
#47 [internal function]: Illuminate\Foundation\Http\Middleware\CheckForMaintenanceMode->handle(Object(Illuminate\Http\Request), Object(Closure))
#48 D:\wamp\www\learn\2015\angularjs\angularcode.com\auth-satellizer\server\vendor\laravel\framework\src\Illuminate\Pipeline\Pipeline.php(124): call_user_func_array(Array, Array)
#49 [internal function]: Illuminate\Pipeline\Pipeline->Illuminate\Pipeline\{closure}(Object(Illuminate\Http\Request))
#50 D:\wamp\www\learn\2015\angularjs\angularcode.com\auth-satellizer\server\vendor\laravel\framework\src\Illuminate\Pipeline\Pipeline.php(103): call_user_func(Object(Closure), Object(Illuminate\Http\Request))
#51 D:\wamp\www\learn\2015\angularjs\angularcode.com\auth-satellizer\server\vendor\laravel\framework\src\Illuminate\Foundation\Http\Kernel.php(132): Illuminate\Pipeline\Pipeline->then(Object(Closure))
#52 D:\wamp\www\learn\2015\angularjs\angularcode.com\auth-satellizer\server\vendor\laravel\framework\src\Illuminate\Foundation\Http\Kernel.php(99): Illuminate\Foundation\Http\Kernel->sendRequestThroughRouter(Object(Illuminate\Http\Request))
#53 D:\wamp\www\learn\2015\angularjs\angularcode.com\auth-satellizer\server\public\index.php(53): Illuminate\Foundation\Http\Kernel->handle(Object(Illuminate\Http\Request))
#54 D:\wamp\www\learn\2015\angularjs\angularcode.com\auth-satellizer\server\server.php(21): require_once('D:\\wamp\\www\\lea...')
#55 {main}  
[2016-01-03 04:59:56] development.ERROR: exception 'GuzzleHttp\Exception\ClientException' with message 'Client error: `GET https://graph.facebook.com/v2.5/oauth/access_token?code=AQBJA9VJclOhhxxxGEqqjUmJFdqqBl3EMIZ8G9B9Tj3heerRNSkQnhDmU4mhs8MP51LnSbSuGnKmNTFwvoltFabL58xeOruGs9IFDPUonzIt5Bx_1jN54nm6ssepji55_rL_iNysk8fSWJ0Jf4cJTDiTBcc3A14z7TLDbtVrXTCj_fZUApNNfmJS_PaK_QIpbtjB4cl_yioyMXQISP5oQOWw9GSDSH6fUEUXt9RKBe8aIR9pqRdQx8WZx7HPpfDtYdVFkzCwjOsp_vQD31TSRxvADVRVwH0g29eQIkcTso4cS6lYcaZ7svZhAnKOOA0cBKUzZWI7T1R8N4bvPBhL43sw&client_id=506694882836918&redirect_uri=http%3A%2F%2Flocalhost%3A8000%2F&client_secret=` resulted in a `400 Bad Request` response:
{"error":{"message":"Error validating client secret.","type":"OAuthException","code":1,"fbtrace_id":"CDFe\/0regEx"}}
' in D:\wamp\www\learn\2015\angularjs\angularcode.com\auth-satellizer\server\vendor\guzzlehttp\guzzle\src\Exception\RequestException.php:107
Stack trace:
#0 D:\wamp\www\learn\2015\angularjs\angularcode.com\auth-satellizer\server\vendor\guzzlehttp\guzzle\src\Middleware.php(65): GuzzleHttp\Exception\RequestException::create(Object(GuzzleHttp\Psr7\Request), Object(GuzzleHttp\Psr7\Response))
#1 D:\wamp\www\learn\2015\angularjs\angularcode.com\auth-satellizer\server\vendor\guzzlehttp\promises\src\Promise.php(199): GuzzleHttp\Middleware::GuzzleHttp\{closure}(Object(GuzzleHttp\Psr7\Response))
#2 D:\wamp\www\learn\2015\angularjs\angularcode.com\auth-satellizer\server\vendor\guzzlehttp\promises\src\Promise.php(152): GuzzleHttp\Promise\Promise::callHandler(1, Object(GuzzleHttp\Psr7\Response), Array)
#3 D:\wamp\www\learn\2015\angularjs\angularcode.com\auth-satellizer\server\vendor\guzzlehttp\promises\src\TaskQueue.php(60): GuzzleHttp\Promise\Promise::GuzzleHttp\Promise\{closure}()
#4 D:\wamp\www\learn\2015\angularjs\angularcode.com\auth-satellizer\server\vendor\guzzlehttp\promises\src\Promise.php(240): GuzzleHttp\Promise\TaskQueue->run(true)
#5 D:\wamp\www\learn\2015\angularjs\angularcode.com\auth-satellizer\server\vendor\guzzlehttp\promises\src\Promise.php(217): GuzzleHttp\Promise\Promise->invokeWaitFn()
#6 D:\wamp\www\learn\2015\angularjs\angularcode.com\auth-satellizer\server\vendor\guzzlehttp\promises\src\Promise.php(261): GuzzleHttp\Promise\Promise->waitIfPending()
#7 D:\wamp\www\learn\2015\angularjs\angularcode.com\auth-satellizer\server\vendor\guzzlehttp\promises\src\Promise.php(219): GuzzleHttp\Promise\Promise->invokeWaitList()
#8 D:\wamp\www\learn\2015\angularjs\angularcode.com\auth-satellizer\server\vendor\guzzlehttp\promises\src\Promise.php(62): GuzzleHttp\Promise\Promise->waitIfPending()
#9 D:\wamp\www\learn\2015\angularjs\angularcode.com\auth-satellizer\server\vendor\guzzlehttp\guzzle\src\Client.php(129): GuzzleHttp\Promise\Promise->wait()
#10 D:\wamp\www\learn\2015\angularjs\angularcode.com\auth-satellizer\server\app\Http\Controllers\AuthController.php(114): GuzzleHttp\Client->request('GET', 'https://graph.f...', Array)
#11 [internal function]: App\Http\Controllers\AuthController->facebook(Object(Illuminate\Http\Request))
#12 D:\wamp\www\learn\2015\angularjs\angularcode.com\auth-satellizer\server\vendor\laravel\framework\src\Illuminate\Routing\Controller.php(76): call_user_func_array(Array, Array)
#13 D:\wamp\www\learn\2015\angularjs\angularcode.com\auth-satellizer\server\vendor\laravel\framework\src\Illuminate\Routing\ControllerDispatcher.php(146): Illuminate\Routing\Controller->callAction('facebook', Array)
#14 D:\wamp\www\learn\2015\angularjs\angularcode.com\auth-satellizer\server\vendor\laravel\framework\src\Illuminate\Routing\ControllerDispatcher.php(94): Illuminate\Routing\ControllerDispatcher->call(Object(App\Http\Controllers\AuthController), Object(Illuminate\Routing\Route), 'facebook')
#15 [internal function]: Illuminate\Routing\ControllerDispatcher->Illuminate\Routing\{closure}(Object(Illuminate\Http\Request))
#16 D:\wamp\www\learn\2015\angularjs\angularcode.com\auth-satellizer\server\vendor\laravel\framework\src\Illuminate\Pipeline\Pipeline.php(139): call_user_func(Object(Closure), Object(Illuminate\Http\Request))
#17 [internal function]: Illuminate\Pipeline\Pipeline->Illuminate\Pipeline\{closure}(Object(Illuminate\Http\Request))
#18 D:\wamp\www\learn\2015\angularjs\angularcode.com\auth-satellizer\server\vendor\laravel\framework\src\Illuminate\Pipeline\Pipeline.php(103): call_user_func(Object(Closure), Object(Illuminate\Http\Request))
#19 D:\wamp\www\learn\2015\angularjs\angularcode.com\auth-satellizer\server\vendor\laravel\framework\src\Illuminate\Routing\ControllerDispatcher.php(96): Illuminate\Pipeline\Pipeline->then(Object(Closure))
#20 D:\wamp\www\learn\2015\angularjs\angularcode.com\auth-satellizer\server\vendor\laravel\framework\src\Illuminate\Routing\ControllerDispatcher.php(54): Illuminate\Routing\ControllerDispatcher->callWithinStack(Object(App\Http\Controllers\AuthController), Object(Illuminate\Routing\Route), Object(Illuminate\Http\Request), 'facebook')
#21 D:\wamp\www\learn\2015\angularjs\angularcode.com\auth-satellizer\server\vendor\laravel\framework\src\Illuminate\Routing\Route.php(174): Illuminate\Routing\ControllerDispatcher->dispatch(Object(Illuminate\Routing\Route), Object(Illuminate\Http\Request), 'App\\Http\\Contro...', 'facebook')
#22 D:\wamp\www\learn\2015\angularjs\angularcode.com\auth-satellizer\server\vendor\laravel\framework\src\Illuminate\Routing\Route.php(140): Illuminate\Routing\Route->runController(Object(Illuminate\Http\Request))
#23 D:\wamp\www\learn\2015\angularjs\angularcode.com\auth-satellizer\server\vendor\laravel\framework\src\Illuminate\Routing\Router.php(703): Illuminate\Routing\Route->run(Object(Illuminate\Http\Request))
#24 [internal function]: Illuminate\Routing\Router->Illuminate\Routing\{closure}(Object(Illuminate\Http\Request))
#25 D:\wamp\www\learn\2015\angularjs\angularcode.com\auth-satellizer\server\vendor\laravel\framework\src\Illuminate\Pipeline\Pipeline.php(139): call_user_func(Object(Closure), Object(Illuminate\Http\Request))
#26 [internal function]: Illuminate\Pipeline\Pipeline->Illuminate\Pipeline\{closure}(Object(Illuminate\Http\Request))
#27 D:\wamp\www\learn\2015\angularjs\angularcode.com\auth-satellizer\server\vendor\laravel\framework\src\Illuminate\Pipeline\Pipeline.php(103): call_user_func(Object(Closure), Object(Illuminate\Http\Request))
#28 D:\wamp\www\learn\2015\angularjs\angularcode.com\auth-satellizer\server\vendor\laravel\framework\src\Illuminate\Routing\Router.php(705): Illuminate\Pipeline\Pipeline->then(Object(Closure))
#29 D:\wamp\www\learn\2015\angularjs\angularcode.com\auth-satellizer\server\vendor\laravel\framework\src\Illuminate\Routing\Router.php(678): Illuminate\Routing\Router->runRouteWithinStack(Object(Illuminate\Routing\Route), Object(Illuminate\Http\Request))
#30 D:\wamp\www\learn\2015\angularjs\angularcode.com\auth-satellizer\server\vendor\laravel\framework\src\Illuminate\Routing\Router.php(654): Illuminate\Routing\Router->dispatchToRoute(Object(Illuminate\Http\Request))
#31 D:\wamp\www\learn\2015\angularjs\angularcode.com\auth-satellizer\server\vendor\laravel\framework\src\Illuminate\Foundation\Http\Kernel.php(246): Illuminate\Routing\Router->dispatch(Object(Illuminate\Http\Request))
#32 [internal function]: Illuminate\Foundation\Http\Kernel->Illuminate\Foundation\Http\{closure}(Object(Illuminate\Http\Request))
#33 D:\wamp\www\learn\2015\angularjs\angularcode.com\auth-satellizer\server\vendor\laravel\framework\src\Illuminate\Pipeline\Pipeline.php(139): call_user_func(Object(Closure), Object(Illuminate\Http\Request))
#34 D:\wamp\www\learn\2015\angularjs\angularcode.com\auth-satellizer\server\vendor\laravel\framework\src\Illuminate\View\Middleware\ShareErrorsFromSession.php(49): Illuminate\Pipeline\Pipeline->Illuminate\Pipeline\{closure}(Object(Illuminate\Http\Request))
#35 [internal function]: Illuminate\View\Middleware\ShareErrorsFromSession->handle(Object(Illuminate\Http\Request), Object(Closure))
#36 D:\wamp\www\learn\2015\angularjs\angularcode.com\auth-satellizer\server\vendor\laravel\framework\src\Illuminate\Pipeline\Pipeline.php(124): call_user_func_array(Array, Array)
#37 D:\wamp\www\learn\2015\angularjs\angularcode.com\auth-satellizer\server\vendor\laravel\framework\src\Illuminate\Session\Middleware\StartSession.php(62): Illuminate\Pipeline\Pipeline->Illuminate\Pipeline\{closure}(Object(Illuminate\Http\Request))
#38 [internal function]: Illuminate\Session\Middleware\StartSession->handle(Object(Illuminate\Http\Request), Object(Closure))
#39 D:\wamp\www\learn\2015\angularjs\angularcode.com\auth-satellizer\server\vendor\laravel\framework\src\Illuminate\Pipeline\Pipeline.php(124): call_user_func_array(Array, Array)
#40 D:\wamp\www\learn\2015\angularjs\angularcode.com\auth-satellizer\server\vendor\laravel\framework\src\Illuminate\Cookie\Middleware\AddQueuedCookiesToResponse.php(37): Illuminate\Pipeline\Pipeline->Illuminate\Pipeline\{closure}(Object(Illuminate\Http\Request))
#41 [internal function]: Illuminate\Cookie\Middleware\AddQueuedCookiesToResponse->handle(Object(Illuminate\Http\Request), Object(Closure))
#42 D:\wamp\www\learn\2015\angularjs\angularcode.com\auth-satellizer\server\vendor\laravel\framework\src\Illuminate\Pipeline\Pipeline.php(124): call_user_func_array(Array, Array)
#43 D:\wamp\www\learn\2015\angularjs\angularcode.com\auth-satellizer\server\vendor\laravel\framework\src\Illuminate\Cookie\Middleware\EncryptCookies.php(59): Illuminate\Pipeline\Pipeline->Illuminate\Pipeline\{closure}(Object(Illuminate\Http\Request))
#44 [internal function]: Illuminate\Cookie\Middleware\EncryptCookies->handle(Object(Illuminate\Http\Request), Object(Closure))
#45 D:\wamp\www\learn\2015\angularjs\angularcode.com\auth-satellizer\server\vendor\laravel\framework\src\Illuminate\Pipeline\Pipeline.php(124): call_user_func_array(Array, Array)
#46 D:\wamp\www\learn\2015\angularjs\angularcode.com\auth-satellizer\server\vendor\laravel\framework\src\Illuminate\Foundation\Http\Middleware\CheckForMaintenanceMode.php(44): Illuminate\Pipeline\Pipeline->Illuminate\Pipeline\{closure}(Object(Illuminate\Http\Request))
#47 [internal function]: Illuminate\Foundation\Http\Middleware\CheckForMaintenanceMode->handle(Object(Illuminate\Http\Request), Object(Closure))
#48 D:\wamp\www\learn\2015\angularjs\angularcode.com\auth-satellizer\server\vendor\laravel\framework\src\Illuminate\Pipeline\Pipeline.php(124): call_user_func_array(Array, Array)
#49 [internal function]: Illuminate\Pipeline\Pipeline->Illuminate\Pipeline\{closure}(Object(Illuminate\Http\Request))
#50 D:\wamp\www\learn\2015\angularjs\angularcode.com\auth-satellizer\server\vendor\laravel\framework\src\Illuminate\Pipeline\Pipeline.php(103): call_user_func(Object(Closure), Object(Illuminate\Http\Request))
#51 D:\wamp\www\learn\2015\angularjs\angularcode.com\auth-satellizer\server\vendor\laravel\framework\src\Illuminate\Foundation\Http\Kernel.php(132): Illuminate\Pipeline\Pipeline->then(Object(Closure))
#52 D:\wamp\www\learn\2015\angularjs\angularcode.com\auth-satellizer\server\vendor\laravel\framework\src\Illuminate\Foundation\Http\Kernel.php(99): Illuminate\Foundation\Http\Kernel->sendRequestThroughRouter(Object(Illuminate\Http\Request))
#53 D:\wamp\www\learn\2015\angularjs\angularcode.com\auth-satellizer\server\public\index.php(53): Illuminate\Foundation\Http\Kernel->handle(Object(Illuminate\Http\Request))
#54 D:\wamp\www\learn\2015\angularjs\angularcode.com\auth-satellizer\server\server.php(21): require_once('D:\\wamp\\www\\lea...')
#55 {main}  
